[I 2025-03-20 22:34:32,612] A new study created in memory with name: no-name-56f1b836-728f-42d2-82d4-1bd61808b9dd
[I 2025-03-20 22:34:44,144] Trial 0 finished with value: 0.861961531639099 and parameters: {'n_units_l0': 102, 'dropout_l0': 0.21713999917529475, 'n_units_l1': 51, 'dropout_l1': 0.3530973867642967, 'learning_rate': 2.9773325379072177e-05}. Best is trial 0 with value: 0.861961531639099.
[I 2025-03-20 22:34:57,457] Trial 1 finished with value: 0.8641922891139984 and parameters: {'n_units_l0': 78, 'dropout_l0': 0.47199994906581944, 'n_units_l1': 61, 'dropout_l1': 0.3622413943084589, 'learning_rate': 1.768698083339343e-05}. Best is trial 1 with value: 0.8641922891139984.
[I 2025-03-20 22:35:03,599] Trial 2 finished with value: 0.8528077006340027 and parameters: {'n_units_l0': 82, 'dropout_l0': 0.25023366768953176, 'n_units_l1': 40, 'dropout_l1': 0.26673411565703237, 'learning_rate': 8.733365061110817e-05}. Best is trial 1 with value: 0.8641922891139984.
[I 2025-03-20 22:35:14,011] Trial 3 finished with value: 0.8821153700351714 and parameters: {'n_units_l0': 78, 'dropout_l0': 0.4383295446000202, 'n_units_l1': 66, 'dropout_l1': 0.2382871600862934, 'learning_rate': 5.0887575252145034e-05}. Best is trial 3 with value: 0.8821153700351714.
[I 2025-03-20 22:35:26,391] Trial 4 finished with value: 0.8703846037387848 and parameters: {'n_units_l0': 69, 'dropout_l0': 0.38918755028931673, 'n_units_l1': 45, 'dropout_l1': 0.44646194958146995, 'learning_rate': 2.6744643894688978e-05}. Best is trial 3 with value: 0.8821153700351714.
[I 2025-03-20 22:35:35,011] Trial 5 finished with value: 0.8684230864048004 and parameters: {'n_units_l0': 105, 'dropout_l0': 0.23532380376217232, 'n_units_l1': 54, 'dropout_l1': 0.4749931143737882, 'learning_rate': 5.4960305673458986e-05}. Best is trial 3 with value: 0.8821153700351714.
[I 2025-03-20 22:35:48,331] Trial 6 finished with value: 0.8587307751178741 and parameters: {'n_units_l0': 78, 'dropout_l0': 0.28541873373712395, 'n_units_l1': 68, 'dropout_l1': 0.3724295831177895, 'learning_rate': 1.354435316826053e-05}. Best is trial 3 with value: 0.8821153700351714.
[I 2025-03-20 22:35:57,973] Trial 7 finished with value: 0.8837307691574097 and parameters: {'n_units_l0': 101, 'dropout_l0': 0.3287739700898344, 'n_units_l1': 37, 'dropout_l1': 0.48156257912312567, 'learning_rate': 9.774186020407987e-05}. Best is trial 7 with value: 0.8837307691574097.
[I 2025-03-20 22:36:08,664] Trial 8 finished with value: 0.8393461525440216 and parameters: {'n_units_l0': 76, 'dropout_l0': 0.26210295942671213, 'n_units_l1': 38, 'dropout_l1': 0.49272645334421067, 'learning_rate': 2.119609908905768e-05}. Best is trial 7 with value: 0.8837307691574097.
[I 2025-03-20 22:36:21,446] Trial 9 finished with value: 0.8513076841831206 and parameters: {'n_units_l0': 78, 'dropout_l0': 0.26507938144706283, 'n_units_l1': 36, 'dropout_l1': 0.39779993747683806, 'learning_rate': 1.6677784713127627e-05}. Best is trial 7 with value: 0.8837307691574097.
[I 2025-03-20 22:36:30,317] Trial 10 finished with value: 0.8204615533351898 and parameters: {'n_units_l0': 94, 'dropout_l0': 0.3354517644960868, 'n_units_l1': 45, 'dropout_l1': 0.291430701680903, 'learning_rate': 9.959867161565418e-05}. Best is trial 7 with value: 0.8837307691574097.
[I 2025-03-20 22:36:40,215] Trial 11 finished with value: 0.8857307493686675 and parameters: {'n_units_l0': 91, 'dropout_l0': 0.4303744246905919, 'n_units_l1': 75, 'dropout_l1': 0.20640138626664256, 'learning_rate': 5.080282513776751e-05}. Best is trial 11 with value: 0.8857307493686675.
[I 2025-03-20 22:36:52,209] Trial 12 finished with value: 0.8709230840206146 and parameters: {'n_units_l0': 91, 'dropout_l0': 0.3628719572711555, 'n_units_l1': 73, 'dropout_l1': 0.2972212101862164, 'learning_rate': 5.66899870785969e-05}. Best is trial 11 with value: 0.8857307493686675.
[I 2025-03-20 22:37:03,231] Trial 13 finished with value: 0.8741538405418396 and parameters: {'n_units_l0': 96, 'dropout_l0': 0.4191247658654482, 'n_units_l1': 57, 'dropout_l1': 0.20717094714668535, 'learning_rate': 4.2557839497361945e-05}. Best is trial 11 with value: 0.8857307493686675.
[I 2025-03-20 22:37:12,825] Trial 14 finished with value: 0.8787307560443878 and parameters: {'n_units_l0': 88, 'dropout_l0': 0.3184472636009381, 'n_units_l1': 76, 'dropout_l1': 0.4270128133427858, 'learning_rate': 7.0966042656025e-05}. Best is trial 11 with value: 0.8857307493686675.
[I 2025-03-20 22:37:22,081] Trial 15 finished with value: 0.8581922948360443 and parameters: {'n_units_l0': 99, 'dropout_l0': 0.4910627707247345, 'n_units_l1': 46, 'dropout_l1': 0.31210420901542446, 'learning_rate': 3.844536294072246e-05}. Best is trial 11 with value: 0.8857307493686675.
[I 2025-03-20 22:37:29,763] Trial 16 finished with value: 0.8850000083446503 and parameters: {'n_units_l0': 107, 'dropout_l0': 0.3772347433257959, 'n_units_l1': 41, 'dropout_l1': 0.20242522388749137, 'learning_rate': 7.251287077379122e-05}. Best is trial 11 with value: 0.8857307493686675.
[I 2025-03-20 22:37:39,193] Trial 17 finished with value: 0.8692307651042938 and parameters: {'n_units_l0': 107, 'dropout_l0': 0.3985757327437213, 'n_units_l1': 49, 'dropout_l1': 0.21697371818613403, 'learning_rate': 7.513614473873006e-05}. Best is trial 11 with value: 0.8857307493686675.
[I 2025-03-20 22:37:51,346] Trial 18 finished with value: 0.8717307627201081 and parameters: {'n_units_l0': 87, 'dropout_l0': 0.4436833415288012, 'n_units_l1': 43, 'dropout_l1': 0.25103728258032143, 'learning_rate': 3.898982760658872e-05}. Best is trial 11 with value: 0.8857307493686675.
[I 2025-03-20 22:37:59,653] Trial 19 finished with value: 0.8833076715469359 and parameters: {'n_units_l0': 108, 'dropout_l0': 0.37860020770224667, 'n_units_l1': 41, 'dropout_l1': 0.20010093070559418, 'learning_rate': 6.982195516714776e-05}. Best is trial 11 with value: 0.8857307493686675.
[I 2025-03-20 22:38:10,242] Trial 20 finished with value: 0.8760384380817412 and parameters: {'n_units_l0': 83, 'dropout_l0': 0.41640015859984575, 'n_units_l1': 60, 'dropout_l1': 0.31964337005472265, 'learning_rate': 4.788096518261845e-05}. Best is trial 11 with value: 0.8857307493686675.
[I 2025-03-20 22:38:21,847] Trial 21 finished with value: 0.8960384786128996 and parameters: {'n_units_l0': 99, 'dropout_l0': 0.30748172670516327, 'n_units_l1': 37, 'dropout_l1': 0.23604484228443118, 'learning_rate': 6.362050247649443e-05}. Best is trial 21 with value: 0.8960384786128996.
[I 2025-03-20 22:38:31,278] Trial 22 finished with value: 0.8851153910160064 and parameters: {'n_units_l0': 95, 'dropout_l0': 0.2909736683151915, 'n_units_l1': 40, 'dropout_l1': 0.23340587162776089, 'learning_rate': 6.359266641918204e-05}. Best is trial 21 with value: 0.8960384786128996.
[I 2025-03-20 22:38:41,530] Trial 23 finished with value: 0.8755769371986388 and parameters: {'n_units_l0': 93, 'dropout_l0': 0.303969113302486, 'n_units_l1': 48, 'dropout_l1': 0.23631741746419485, 'learning_rate': 6.377275603374265e-05}. Best is trial 21 with value: 0.8960384786128996.
[I 2025-03-20 22:38:52,620] Trial 24 finished with value: 0.8418846130371094 and parameters: {'n_units_l0': 97, 'dropout_l0': 0.28943233461165796, 'n_units_l1': 39, 'dropout_l1': 0.27762022072596726, 'learning_rate': 1.0121039898059908e-05}. Best is trial 21 with value: 0.8960384786128996.
[I 2025-03-20 22:39:06,180] Trial 25 finished with value: 0.8849230706691742 and parameters: {'n_units_l0': 91, 'dropout_l0': 0.35131987985149915, 'n_units_l1': 36, 'dropout_l1': 0.23336784520567158, 'learning_rate': 3.551626579483782e-05}. Best is trial 21 with value: 0.8960384786128996.
[I 2025-03-20 22:39:15,260] Trial 26 finished with value: 0.8749615192413329 and parameters: {'n_units_l0': 90, 'dropout_l0': 0.3023623405773473, 'n_units_l1': 43, 'dropout_l1': 0.2649079046676052, 'learning_rate': 6.007336763595154e-05}. Best is trial 21 with value: 0.8960384786128996.
[I 2025-03-20 22:39:25,653] Trial 27 finished with value: 0.8814230740070343 and parameters: {'n_units_l0': 85, 'dropout_l0': 0.343055048851018, 'n_units_l1': 67, 'dropout_l1': 0.330407758017517, 'learning_rate': 4.560564913383784e-05}. Best is trial 21 with value: 0.8960384786128996.
[I 2025-03-20 22:39:35,128] Trial 28 finished with value: 0.868230766057968 and parameters: {'n_units_l0': 102, 'dropout_l0': 0.21351390457825664, 'n_units_l1': 52, 'dropout_l1': 0.22354620925225652, 'learning_rate': 8.457844054863723e-05}. Best is trial 21 with value: 0.8960384786128996.
[I 2025-03-20 22:39:49,255] Trial 29 finished with value: 0.8992692351341247 and parameters: {'n_units_l0': 98, 'dropout_l0': 0.2332595981154275, 'n_units_l1': 56, 'dropout_l1': 0.24767144222241425, 'learning_rate': 2.9046358976344868e-05}. Best is trial 29 with value: 0.8992692351341247.
[I 2025-03-20 22:40:02,061] Trial 30 finished with value: 0.8933461606502533 and parameters: {'n_units_l0': 102, 'dropout_l0': 0.20696366681980974, 'n_units_l1': 55, 'dropout_l1': 0.2516854365039093, 'learning_rate': 2.9292693279136322e-05}. Best is trial 29 with value: 0.8992692351341247.
[I 2025-03-20 22:40:13,438] Trial 31 finished with value: 0.8846538305282592 and parameters: {'n_units_l0': 103, 'dropout_l0': 0.22885308630950596, 'n_units_l1': 55, 'dropout_l1': 0.24983857577582613, 'learning_rate': 2.9399782201448362e-05}. Best is trial 29 with value: 0.8992692351341247.
[I 2025-03-20 22:40:29,675] Trial 32 finished with value: 0.8971923172473906 and parameters: {'n_units_l0': 99, 'dropout_l0': 0.21789478865446393, 'n_units_l1': 62, 'dropout_l1': 0.26040105883819475, 'learning_rate': 2.7385106852957217e-05}. Best is trial 29 with value: 0.8992692351341247.
[I 2025-03-20 22:40:49,383] Trial 33 finished with value: 0.8905769050121306 and parameters: {'n_units_l0': 99, 'dropout_l0': 0.20400330475214135, 'n_units_l1': 61, 'dropout_l1': 0.2726236399288127, 'learning_rate': 2.7762165883353826e-05}. Best is trial 29 with value: 0.8992692351341247.
[I 2025-03-20 22:41:09,723] Trial 34 finished with value: 0.8925384819507598 and parameters: {'n_units_l0': 98, 'dropout_l0': 0.23756785243169457, 'n_units_l1': 59, 'dropout_l1': 0.34247533484633913, 'learning_rate': 2.441972909522031e-05}. Best is trial 29 with value: 0.8992692351341247.
[I 2025-03-20 22:41:29,694] Trial 35 finished with value: 0.8889615476131438 and parameters: {'n_units_l0': 104, 'dropout_l0': 0.2010312975134394, 'n_units_l1': 50, 'dropout_l1': 0.2904666417420774, 'learning_rate': 3.2401336591560095e-05}. Best is trial 29 with value: 0.8992692351341247.
[I 2025-03-20 22:41:43,002] Trial 36 finished with value: 0.8841923296451568 and parameters: {'n_units_l0': 101, 'dropout_l0': 0.2585679021153742, 'n_units_l1': 55, 'dropout_l1': 0.2562474984165744, 'learning_rate': 2.2910841509554804e-05}. Best is trial 29 with value: 0.8992692351341247.
[I 2025-03-20 22:41:56,927] Trial 37 finished with value: 0.8776538372039795 and parameters: {'n_units_l0': 100, 'dropout_l0': 0.22370345919939583, 'n_units_l1': 63, 'dropout_l1': 0.279144167886122, 'learning_rate': 1.931693742142618e-05}. Best is trial 29 with value: 0.8992692351341247.
[I 2025-03-20 22:42:05,834] Trial 38 finished with value: 0.8811538338661193 and parameters: {'n_units_l0': 70, 'dropout_l0': 0.24239902434384145, 'n_units_l1': 65, 'dropout_l1': 0.25147903499515256, 'learning_rate': 3.3719728902993024e-05}. Best is trial 29 with value: 0.8992692351341247.
[I 2025-03-20 22:42:19,772] Trial 39 finished with value: 0.8687692046165465 and parameters: {'n_units_l0': 105, 'dropout_l0': 0.2738416805065772, 'n_units_l1': 57, 'dropout_l1': 0.3773541078822973, 'learning_rate': 1.6215830751176685e-05}. Best is trial 29 with value: 0.8992692351341247.
[I 2025-03-20 22:42:30,644] Trial 40 finished with value: 0.8874230861663819 and parameters: {'n_units_l0': 96, 'dropout_l0': 0.24934361812722616, 'n_units_l1': 53, 'dropout_l1': 0.2997150097864032, 'learning_rate': 2.5657679372364445e-05}. Best is trial 29 with value: 0.8992692351341247.
[I 2025-03-20 22:42:36,762] Trial 41 pruned. Trial was pruned at epoch 10.
[I 2025-03-20 22:42:46,000] Trial 42 finished with value: 0.8579230546951293 and parameters: {'n_units_l0': 94, 'dropout_l0': 0.2379073631230238, 'n_units_l1': 59, 'dropout_l1': 0.35471852553359295, 'learning_rate': 3.0335591303210622e-05}. Best is trial 29 with value: 0.8992692351341247.
[I 2025-03-20 22:42:57,826] Trial 43 finished with value: 0.8850000083446503 and parameters: {'n_units_l0': 102, 'dropout_l0': 0.21555462147730056, 'n_units_l1': 63, 'dropout_l1': 0.3385235420841521, 'learning_rate': 2.173590639333757e-05}. Best is trial 29 with value: 0.8992692351341247.
[I 2025-03-20 22:43:09,665] Trial 44 finished with value: 0.8787307560443878 and parameters: {'n_units_l0': 98, 'dropout_l0': 0.27715648247169544, 'n_units_l1': 70, 'dropout_l1': 0.22148904777372314, 'learning_rate': 1.89465788065518e-05}. Best is trial 29 with value: 0.8992692351341247.
[I 2025-03-20 22:43:22,754] Trial 45 finished with value: 0.8792692363262176 and parameters: {'n_units_l0': 93, 'dropout_l0': 0.2518684329306821, 'n_units_l1': 63, 'dropout_l1': 0.39379942779724786, 'learning_rate': 2.6697429785838095e-05}. Best is trial 29 with value: 0.8992692351341247.
[I 2025-03-20 22:43:35,244] Trial 46 finished with value: 0.8883076846599578 and parameters: {'n_units_l0': 105, 'dropout_l0': 0.23236241809185543, 'n_units_l1': 55, 'dropout_l1': 0.2621032421997329, 'learning_rate': 1.5366874985063484e-05}. Best is trial 29 with value: 0.8992692351341247.
[I 2025-03-20 22:43:48,245] Trial 47 finished with value: 0.8812307715415955 and parameters: {'n_units_l0': 73, 'dropout_l0': 0.26807095279829357, 'n_units_l1': 57, 'dropout_l1': 0.3107661164039661, 'learning_rate': 2.4329421625566776e-05}. Best is trial 29 with value: 0.8992692351341247.
[I 2025-03-20 22:44:00,502] Trial 48 finished with value: 0.8763076782226562 and parameters: {'n_units_l0': 100, 'dropout_l0': 0.2011160585619007, 'n_units_l1': 53, 'dropout_l1': 0.4646497386535996, 'learning_rate': 3.79550875902478e-05}. Best is trial 29 with value: 0.8992692351341247.
[I 2025-03-20 22:44:11,779] Trial 49 finished with value: 0.8796153724193572 and parameters: {'n_units_l0': 89, 'dropout_l0': 0.2429797405047998, 'n_units_l1': 61, 'dropout_l1': 0.42651160609188754, 'learning_rate': 1.952158660525451e-05}. Best is trial 29 with value: 0.8992692351341247.
[I 2025-03-20 22:44:18,335] Trial 50 pruned. Trial was pruned at epoch 11.
[I 2025-03-20 22:44:31,912] Trial 51 finished with value: 0.8996153950691221 and parameters: {'n_units_l0': 99, 'dropout_l0': 0.2077515027486957, 'n_units_l1': 70, 'dropout_l1': 0.27316107169966075, 'learning_rate': 2.961977074639893e-05}. Best is trial 51 with value: 0.8996153950691221.
[I 2025-03-20 22:44:41,487] Trial 52 finished with value: 0.8876153886318205 and parameters: {'n_units_l0': 103, 'dropout_l0': 0.2162141096085125, 'n_units_l1': 69, 'dropout_l1': 0.28954324662072545, 'learning_rate': 3.20644678462119e-05}. Best is trial 51 with value: 0.8996153950691221.
[I 2025-03-20 22:44:54,259] Trial 53 finished with value: 0.9009615540504454 and parameters: {'n_units_l0': 98, 'dropout_l0': 0.23358925980239428, 'n_units_l1': 72, 'dropout_l1': 0.2191963886074372, 'learning_rate': 3.533426167502112e-05}. Best is trial 53 with value: 0.9009615540504454.
[I 2025-03-20 22:45:04,787] Trial 54 finished with value: 0.8762307584285736 and parameters: {'n_units_l0': 100, 'dropout_l0': 0.2105107760191551, 'n_units_l1': 65, 'dropout_l1': 0.22679600265509806, 'learning_rate': 4.144990752182503e-05}. Best is trial 53 with value: 0.9009615540504454.
[I 2025-03-20 22:45:14,189] Trial 55 finished with value: 0.8711922824382781 and parameters: {'n_units_l0': 106, 'dropout_l0': 0.22815446982979734, 'n_units_l1': 71, 'dropout_l1': 0.21471786158607686, 'learning_rate': 3.558807360166278e-05}. Best is trial 53 with value: 0.9009615540504454.
[I 2025-03-20 22:45:28,530] Trial 56 finished with value: 0.8873461484909058 and parameters: {'n_units_l0': 93, 'dropout_l0': 0.26257421683601795, 'n_units_l1': 72, 'dropout_l1': 0.24129580038208917, 'learning_rate': 2.1327896369604055e-05}. Best is trial 53 with value: 0.9009615540504454.
[I 2025-03-20 22:45:36,018] Trial 57 finished with value: 0.8711922824382781 and parameters: {'n_units_l0': 80, 'dropout_l0': 0.24913135463754943, 'n_units_l1': 74, 'dropout_l1': 0.26926592886010425, 'learning_rate': 5.125755876672469e-05}. Best is trial 53 with value: 0.9009615540504454.
[I 2025-03-20 22:45:44,687] Trial 58 finished with value: 0.8668076872825622 and parameters: {'n_units_l0': 95, 'dropout_l0': 0.22287858871409583, 'n_units_l1': 68, 'dropout_l1': 0.21481470414319173, 'learning_rate': 4.3416988844193844e-05}. Best is trial 53 with value: 0.9009615540504454.
[I 2025-03-20 22:46:00,531] Trial 59 finished with value: 0.9020384728908537 and parameters: {'n_units_l0': 108, 'dropout_l0': 0.3087725007496074, 'n_units_l1': 76, 'dropout_l1': 0.28195796475963886, 'learning_rate': 2.745518225857252e-05}. Best is trial 59 with value: 0.9020384728908537.
[I 2025-03-20 22:46:12,590] Trial 60 finished with value: 0.8859999895095825 and parameters: {'n_units_l0': 108, 'dropout_l0': 0.316297258491531, 'n_units_l1': 75, 'dropout_l1': 0.2839189562164017, 'learning_rate': 3.5296509183169534e-05}. Best is trial 59 with value: 0.9020384728908537.
[I 2025-03-20 22:46:25,607] Trial 61 finished with value: 0.8833076715469359 and parameters: {'n_units_l0': 104, 'dropout_l0': 0.30578659086602356, 'n_units_l1': 73, 'dropout_l1': 0.2462014852240998, 'learning_rate': 2.6975781742149802e-05}. Best is trial 59 with value: 0.9020384728908537.
[I 2025-03-20 22:46:36,385] Trial 62 finished with value: 0.8720000028610229 and parameters: {'n_units_l0': 102, 'dropout_l0': 0.2065173885009572, 'n_units_l1': 76, 'dropout_l1': 0.2615514706567065, 'learning_rate': 2.9453148155481316e-05}. Best is trial 59 with value: 0.9020384728908537.
[I 2025-03-20 22:46:52,827] Trial 63 finished with value: 0.8730769217014311 and parameters: {'n_units_l0': 97, 'dropout_l0': 0.35872089960977477, 'n_units_l1': 71, 'dropout_l1': 0.23319102421561902, 'learning_rate': 3.2161077055820044e-05}. Best is trial 59 with value: 0.9020384728908537.
[I 2025-03-20 22:47:11,523] Trial 64 finished with value: 0.8734615623950959 and parameters: {'n_units_l0': 101, 'dropout_l0': 0.281420768993892, 'n_units_l1': 67, 'dropout_l1': 0.2716604256837647, 'learning_rate': 2.5919198076923984e-05}. Best is trial 59 with value: 0.9020384728908537.
[I 2025-03-20 22:47:25,194] Trial 65 finished with value: 0.8788076937198639 and parameters: {'n_units_l0': 106, 'dropout_l0': 0.29338011828253313, 'n_units_l1': 47, 'dropout_l1': 0.304005171986671, 'learning_rate': 8.679633254961915e-05}. Best is trial 59 with value: 0.9020384728908537.
[I 2025-03-20 22:47:41,838] Trial 66 finished with value: 0.8859999895095825 and parameters: {'n_units_l0': 99, 'dropout_l0': 0.25398799722343984, 'n_units_l1': 73, 'dropout_l1': 0.25748493625065916, 'learning_rate': 3.906828418714365e-05}. Best is trial 59 with value: 0.9020384728908537.
[I 2025-03-20 22:47:57,382] Trial 67 finished with value: 0.8699615240097045 and parameters: {'n_units_l0': 103, 'dropout_l0': 0.33407949418349436, 'n_units_l1': 70, 'dropout_l1': 0.22995689074034953, 'learning_rate': 2.7858664583205413e-05}. Best is trial 59 with value: 0.9020384728908537.
[I 2025-03-20 22:48:06,324] Trial 68 pruned. Trial was pruned at epoch 11.
[I 2025-03-20 22:48:22,279] Trial 69 finished with value: 0.8792692363262176 and parameters: {'n_units_l0': 97, 'dropout_l0': 0.23171846879126554, 'n_units_l1': 56, 'dropout_l1': 0.24070181844812705, 'learning_rate': 3.4839731907977655e-05}. Best is trial 59 with value: 0.9020384728908537.
[I 2025-03-20 22:48:37,757] Trial 70 finished with value: 0.888769245147705 and parameters: {'n_units_l0': 95, 'dropout_l0': 0.2132270295632907, 'n_units_l1': 64, 'dropout_l1': 0.3204255249339627, 'learning_rate': 7.886085885645183e-05}. Best is trial 59 with value: 0.9020384728908537.
[I 2025-03-20 22:48:58,016] Trial 71 finished with value: 0.8819615125656128 and parameters: {'n_units_l0': 98, 'dropout_l0': 0.23913513645200665, 'n_units_l1': 59, 'dropout_l1': 0.28446686998515736, 'learning_rate': 2.4942900947424073e-05}. Best is trial 59 with value: 0.9020384728908537.
[I 2025-03-20 22:49:10,504] Trial 72 finished with value: 0.8765769183635712 and parameters: {'n_units_l0': 100, 'dropout_l0': 0.22585519488853212, 'n_units_l1': 54, 'dropout_l1': 0.2532022883697303, 'learning_rate': 2.254024589950256e-05}. Best is trial 59 with value: 0.9020384728908537.
[I 2025-03-20 22:49:21,733] Trial 73 finished with value: 0.884807687997818 and parameters: {'n_units_l0': 92, 'dropout_l0': 0.2367979124216602, 'n_units_l1': 61, 'dropout_l1': 0.2755646837082322, 'learning_rate': 3.0326504303661192e-05}. Best is trial 59 with value: 0.9020384728908537.
[I 2025-03-20 22:49:35,659] Trial 74 finished with value: 0.8958461582660675 and parameters: {'n_units_l0': 98, 'dropout_l0': 0.27039429463316633, 'n_units_l1': 59, 'dropout_l1': 0.2645319923771142, 'learning_rate': 2.0839699313915317e-05}. Best is trial 59 with value: 0.9020384728908537.
[I 2025-03-20 22:49:40,651] Trial 75 pruned. Trial was pruned at epoch 11.
[I 2025-03-20 22:49:52,400] Trial 76 finished with value: 0.8680384635925293 and parameters: {'n_units_l0': 104, 'dropout_l0': 0.29781847959424457, 'n_units_l1': 51, 'dropout_l1': 0.2467246635337382, 'learning_rate': 2.012232531854831e-05}. Best is trial 59 with value: 0.9020384728908537.
[I 2025-03-20 22:50:04,869] Trial 77 pruned. Trial was pruned at epoch 41.
[I 2025-03-20 22:50:13,114] Trial 78 finished with value: 0.8670769274234771 and parameters: {'n_units_l0': 99, 'dropout_l0': 0.21922132835252153, 'n_units_l1': 56, 'dropout_l1': 0.21294906288492502, 'learning_rate': 2.840975351197796e-05}. Best is trial 59 with value: 0.9020384728908537.
[I 2025-03-20 22:50:19,218] Trial 79 pruned. Trial was pruned at epoch 10.
