[I 2025-03-20 18:40:01,489] Trial 111 finished with value: 0.8600000143051147 and parameters: {'dropout_l0': 0.2017874794020372, 'dropout_l1': 0.25722288163974727, 'dropout_l2': 0.499625884717122, 'learning_rate': 8.609439329779195e-05}. Best is trial 2 with value: 0.9200000166893005.
[I 2025-03-20 18:40:07,388] Trial 112 finished with value: 0.6600000262260437 and parameters: {'dropout_l0': 0.29309159789561323, 'dropout_l1': 0.2654132948698522, 'dropout_l2': 0.4651036296648755, 'learning_rate': 9.985460645481381e-05}. Best is trial 2 with value: 0.9200000166893005.
[I 2025-03-20 18:40:11,014] Trial 113 pruned. Trial was pruned at epoch 10.
[I 2025-03-20 18:40:19,673] Trial 114 finished with value: 0.8600000143051147 and parameters: {'dropout_l0': 0.24931459730700292, 'dropout_l1': 0.24564579931709912, 'dropout_l2': 0.4723073064973821, 'learning_rate': 3.596324093098646e-05}. Best is trial 2 with value: 0.9200000166893005.
[I 2025-03-20 18:40:26,330] Trial 115 finished with value: 0.8999999761581421 and parameters: {'dropout_l0': 0.3726890375785154, 'dropout_l1': 0.36579787327169005, 'dropout_l2': 0.47836668671088245, 'learning_rate': 8.930240588642758e-05}. Best is trial 2 with value: 0.9200000166893005.
[I 2025-03-20 18:40:30,214] Trial 116 pruned. Trial was pruned at epoch 10.
[I 2025-03-20 18:40:37,926] Trial 117 finished with value: 0.8600000143051147 and parameters: {'dropout_l0': 0.2810484912144035, 'dropout_l1': 0.3837656026321342, 'dropout_l2': 0.4898181354028009, 'learning_rate': 7.723757758352573e-05}. Best is trial 2 with value: 0.9200000166893005.
[I 2025-03-20 18:40:47,253] Trial 118 finished with value: 0.8600000143051147 and parameters: {'dropout_l0': 0.30331429313788605, 'dropout_l1': 0.2087660770137133, 'dropout_l2': 0.34835353990394, 'learning_rate': 3.0546094416491324e-05}. Best is trial 2 with value: 0.9200000166893005.
[I 2025-03-20 18:40:56,792] Trial 119 finished with value: 0.8799999952316284 and parameters: {'dropout_l0': 0.35312591216801686, 'dropout_l1': 0.2289457580163787, 'dropout_l2': 0.45420489747713166, 'learning_rate': 3.91485334134098e-05}. Best is trial 2 with value: 0.9200000166893005.
[I 2025-03-20 18:41:04,062] Trial 120 finished with value: 0.9200000166893005 and parameters: {'dropout_l0': 0.4550214022344571, 'dropout_l1': 0.4481885862723314, 'dropout_l2': 0.40382729440406795, 'learning_rate': 6.413020542265054e-05}. Best is trial 2 with value: 0.9200000166893005.
[I 2025-03-20 18:41:12,944] Trial 121 finished with value: 0.8799999952316284 and parameters: {'dropout_l0': 0.48073707300759666, 'dropout_l1': 0.39041908057151314, 'dropout_l2': 0.4015867438036653, 'learning_rate': 6.37178334348692e-05}. Best is trial 2 with value: 0.9200000166893005.
[I 2025-03-20 18:41:22,120] Trial 122 finished with value: 0.8799999952316284 and parameters: {'dropout_l0': 0.452459445215213, 'dropout_l1': 0.3384859980501262, 'dropout_l2': 0.3865890011097143, 'learning_rate': 5.8427122701551435e-05}. Best is trial 2 with value: 0.9200000166893005.
[I 2025-03-20 18:41:29,993] Trial 123 finished with value: 0.8999999761581421 and parameters: {'dropout_l0': 0.47100042418764376, 'dropout_l1': 0.44708692375708925, 'dropout_l2': 0.40830339985651715, 'learning_rate': 6.668347763402939e-05}. Best is trial 2 with value: 0.9200000166893005.
[I 2025-03-20 18:41:39,035] Trial 124 finished with value: 0.8799999952316284 and parameters: {'dropout_l0': 0.3906397043293111, 'dropout_l1': 0.41086461910337835, 'dropout_l2': 0.380614574485157, 'learning_rate': 1.1971086121188263e-05}. Best is trial 2 with value: 0.9200000166893005.
[I 2025-03-20 18:41:48,696] Trial 125 finished with value: 0.8799999952316284 and parameters: {'dropout_l0': 0.43937752000724584, 'dropout_l1': 0.4437238949902757, 'dropout_l2': 0.46196780123680264, 'learning_rate': 5.008538817425662e-05}. Best is trial 2 with value: 0.9200000166893005.
[I 2025-03-20 18:41:58,341] Trial 126 finished with value: 0.8999999761581421 and parameters: {'dropout_l0': 0.459188909885094, 'dropout_l1': 0.4859570147751184, 'dropout_l2': 0.3614022769958699, 'learning_rate': 6.967510547343924e-05}. Best is trial 2 with value: 0.9200000166893005.
[I 2025-03-20 18:42:02,376] Trial 127 pruned. Trial was pruned at epoch 10.
[I 2025-03-20 18:42:11,251] Trial 128 finished with value: 0.8600000143051147 and parameters: {'dropout_l0': 0.4077704738873635, 'dropout_l1': 0.20031863861734345, 'dropout_l2': 0.3719306027053805, 'learning_rate': 2.754288262921827e-05}. Best is trial 2 with value: 0.9200000166893005.
[I 2025-03-20 18:42:21,264] Trial 129 finished with value: 0.8999999761581421 and parameters: {'dropout_l0': 0.35775410833553484, 'dropout_l1': 0.43150489394861313, 'dropout_l2': 0.4262767455251333, 'learning_rate': 9.37384543661689e-05}. Best is trial 2 with value: 0.9200000166893005.
[I 2025-03-20 18:42:29,782] Trial 130 finished with value: 0.8399999737739563 and parameters: {'dropout_l0': 0.2282728282809655, 'dropout_l1': 0.45668530783063327, 'dropout_l2': 0.42009789148030224, 'learning_rate': 8.088517459247615e-05}. Best is trial 2 with value: 0.9200000166893005.
[I 2025-03-20 18:42:35,985] Trial 131 finished with value: 0.8799999952316284 and parameters: {'dropout_l0': 0.3647065463233484, 'dropout_l1': 0.4964307632973724, 'dropout_l2': 0.38996585981669146, 'learning_rate': 8.15597506484458e-05}. Best is trial 2 with value: 0.9200000166893005.
[I 2025-03-20 18:42:43,610] Trial 132 finished with value: 0.8600000143051147 and parameters: {'dropout_l0': 0.39990715135509536, 'dropout_l1': 0.4896024225775034, 'dropout_l2': 0.37918625474953516, 'learning_rate': 9.559965828900328e-05}. Best is trial 2 with value: 0.9200000166893005.
[I 2025-03-20 18:42:53,012] Trial 133 finished with value: 0.8799999952316284 and parameters: {'dropout_l0': 0.26350849583482994, 'dropout_l1': 0.4758594378149226, 'dropout_l2': 0.4044454030256063, 'learning_rate': 7.284002717069371e-05}. Best is trial 2 with value: 0.9200000166893005.
[I 2025-03-20 18:43:02,203] Trial 134 finished with value: 0.8999999761581421 and parameters: {'dropout_l0': 0.38600638215358446, 'dropout_l1': 0.4854028039103899, 'dropout_l2': 0.39523307971186195, 'learning_rate': 4.575572565887841e-05}. Best is trial 2 with value: 0.9200000166893005.
[I 2025-03-20 18:43:10,570] Trial 135 finished with value: 0.8799999952316284 and parameters: {'dropout_l0': 0.4757920809130729, 'dropout_l1': 0.46549818702271123, 'dropout_l2': 0.35698873620803306, 'learning_rate': 5.646036497565801e-05}. Best is trial 2 with value: 0.9200000166893005.
[I 2025-03-20 18:43:14,493] Trial 136 pruned. Trial was pruned at epoch 10.
[I 2025-03-20 18:43:23,704] Trial 137 finished with value: 0.9399999976158142 and parameters: {'dropout_l0': 0.4656951722521223, 'dropout_l1': 0.31970347355271667, 'dropout_l2': 0.2958958722372678, 'learning_rate': 1.7896561183674406e-05}. Best is trial 137 with value: 0.9399999976158142.
[I 2025-03-20 18:43:27,655] Trial 138 pruned. Trial was pruned at epoch 10.
[I 2025-03-20 18:43:31,624] Trial 139 pruned. Trial was pruned at epoch 10.
[I 2025-03-20 18:43:35,541] Trial 140 pruned. Trial was pruned at epoch 10.
[I 2025-03-20 18:43:38,662] Trial 141 pruned. Trial was pruned at epoch 10.
[I 2025-03-20 18:43:42,657] Trial 142 pruned. Trial was pruned at epoch 10.
[I 2025-03-20 18:43:51,928] Trial 143 finished with value: 0.9399999976158142 and parameters: {'dropout_l0': 0.34364832294356185, 'dropout_l1': 0.32461386049473195, 'dropout_l2': 0.3951907149344884, 'learning_rate': 1.4995321019798698e-05}. Best is trial 137 with value: 0.9399999976158142.
[I 2025-03-20 18:43:55,759] Trial 144 pruned. Trial was pruned at epoch 10.
[I 2025-03-20 18:43:59,659] Trial 145 pruned. Trial was pruned at epoch 10.
[I 2025-03-20 18:44:03,658] Trial 146 pruned. Trial was pruned at epoch 10.
[I 2025-03-20 18:44:07,637] Trial 147 pruned. Trial was pruned at epoch 10.
[I 2025-03-20 18:44:10,720] Trial 148 pruned. Trial was pruned at epoch 10.
[I 2025-03-20 18:44:14,839] Trial 149 pruned. Trial was pruned at epoch 10.
[I 2025-03-20 18:44:18,844] Trial 150 pruned. Trial was pruned at epoch 10.
[I 2025-03-20 18:44:22,840] Trial 151 pruned. Trial was pruned at epoch 10.
[I 2025-03-20 18:44:31,785] Trial 152 finished with value: 0.8799999952316284 and parameters: {'dropout_l0': 0.4001496828506388, 'dropout_l1': 0.28680069820199094, 'dropout_l2': 0.38915136713978316, 'learning_rate': 8.593423016969493e-05}. Best is trial 137 with value: 0.9399999976158142.
[I 2025-03-20 18:44:35,928] Trial 153 pruned. Trial was pruned at epoch 10.
[I 2025-03-20 18:44:39,978] Trial 154 pruned. Trial was pruned at epoch 10.
[I 2025-03-20 18:44:48,346] Trial 155 finished with value: 0.8799999952316284 and parameters: {'dropout_l0': 0.36020895240056827, 'dropout_l1': 0.32784480887867223, 'dropout_l2': 0.22040316786344666, 'learning_rate': 3.412810840647108e-05}. Best is trial 137 with value: 0.9399999976158142.
[I 2025-03-20 18:44:57,576] Trial 156 finished with value: 0.9200000166893005 and parameters: {'dropout_l0': 0.4286337400035764, 'dropout_l1': 0.3579503484961136, 'dropout_l2': 0.24580646766179298, 'learning_rate': 5.3853503067872916e-05}. Best is trial 137 with value: 0.9399999976158142.
[I 2025-03-20 18:45:01,968] Trial 157 pruned. Trial was pruned at epoch 10.
[I 2025-03-20 18:45:11,072] Trial 158 finished with value: 0.8600000143051147 and parameters: {'dropout_l0': 0.44667828788870734, 'dropout_l1': 0.3166312247891673, 'dropout_l2': 0.22000835884338063, 'learning_rate': 5.306980863045594e-05}. Best is trial 137 with value: 0.9399999976158142.
[I 2025-03-20 18:45:19,916] Trial 159 finished with value: 0.9200000166893005 and parameters: {'dropout_l0': 0.4365722989745327, 'dropout_l1': 0.3710707850637375, 'dropout_l2': 0.26068141707568215, 'learning_rate': 6.393725608962868e-05}. Best is trial 137 with value: 0.9399999976158142.
[I 2025-03-20 18:45:26,751] Trial 160 finished with value: 0.8999999761581421 and parameters: {'dropout_l0': 0.4394862593586033, 'dropout_l1': 0.3726454239735559, 'dropout_l2': 0.2664388725558548, 'learning_rate': 5.808015919140456e-05}. Best is trial 137 with value: 0.9399999976158142.
[I 2025-03-20 18:45:35,659] Trial 161 finished with value: 0.8999999761581421 and parameters: {'dropout_l0': 0.43388714941954865, 'dropout_l1': 0.358425247597987, 'dropout_l2': 0.2358700512843307, 'learning_rate': 6.365048513265053e-05}. Best is trial 137 with value: 0.9399999976158142.
[I 2025-03-20 18:45:44,280] Trial 162 finished with value: 0.8999999761581421 and parameters: {'dropout_l0': 0.4160201894647445, 'dropout_l1': 0.38140408607004317, 'dropout_l2': 0.2446767803165114, 'learning_rate': 1.6711703687186042e-05}. Best is trial 137 with value: 0.9399999976158142.
[I 2025-03-20 18:45:48,402] Trial 163 pruned. Trial was pruned at epoch 10.
[I 2025-03-20 18:45:57,648] Trial 164 finished with value: 0.9200000166893005 and parameters: {'dropout_l0': 0.4574201669525258, 'dropout_l1': 0.33951717679129056, 'dropout_l2': 0.2591986508528659, 'learning_rate': 6.493699619190894e-05}. Best is trial 137 with value: 0.9399999976158142.
[I 2025-03-20 18:46:06,697] Trial 165 finished with value: 0.8399999737739563 and parameters: {'dropout_l0': 0.4426198792926386, 'dropout_l1': 0.3388034173673623, 'dropout_l2': 0.24890773479188247, 'learning_rate': 6.960143284548759e-05}. Best is trial 137 with value: 0.9399999976158142.
[I 2025-03-20 18:46:16,204] Trial 166 finished with value: 0.9200000166893005 and parameters: {'dropout_l0': 0.4612028832957162, 'dropout_l1': 0.3503599295071716, 'dropout_l2': 0.27308274177282427, 'learning_rate': 6.493807810585546e-05}. Best is trial 137 with value: 0.9399999976158142.
[I 2025-03-20 18:46:24,470] Trial 167 finished with value: 0.8799999952316284 and parameters: {'dropout_l0': 0.4607733593855022, 'dropout_l1': 0.3557692138654137, 'dropout_l2': 0.26269348004046716, 'learning_rate': 6.674128895272998e-05}. Best is trial 137 with value: 0.9399999976158142.
[I 2025-03-20 18:46:34,166] Trial 168 finished with value: 0.8999999761581421 and parameters: {'dropout_l0': 0.47161962559363846, 'dropout_l1': 0.34947459033057904, 'dropout_l2': 0.2758111438517373, 'learning_rate': 6.064530712975708e-05}. Best is trial 137 with value: 0.9399999976158142.
[I 2025-03-20 18:46:42,056] Trial 169 finished with value: 0.8799999952316284 and parameters: {'dropout_l0': 0.45543085709203074, 'dropout_l1': 0.3498312691890062, 'dropout_l2': 0.25751449683917105, 'learning_rate': 6.709999785717012e-05}. Best is trial 137 with value: 0.9399999976158142.
[I 2025-03-20 18:46:50,158] Trial 170 finished with value: 0.8600000143051147 and parameters: {'dropout_l0': 0.47873449844323474, 'dropout_l1': 0.36542172314029275, 'dropout_l2': 0.22583864054068747, 'learning_rate': 6.293172155779772e-05}. Best is trial 137 with value: 0.9399999976158142.
[I 2025-03-20 18:46:58,845] Trial 171 finished with value: 0.8999999761581421 and parameters: {'dropout_l0': 0.4502170037845315, 'dropout_l1': 0.3420500359990941, 'dropout_l2': 0.27470229225507037, 'learning_rate': 5.93605318393153e-05}. Best is trial 137 with value: 0.9399999976158142.
[I 2025-03-20 18:47:03,239] Trial 172 pruned. Trial was pruned at epoch 10.
[I 2025-03-20 18:47:12,771] Trial 173 finished with value: 0.8999999761581421 and parameters: {'dropout_l0': 0.4454780702100578, 'dropout_l1': 0.3251639003527674, 'dropout_l2': 0.2537376678208553, 'learning_rate': 6.506822563287125e-05}. Best is trial 137 with value: 0.9399999976158142.
[I 2025-03-20 18:47:20,982] Trial 174 finished with value: 0.9399999976158142 and parameters: {'dropout_l0': 0.4369465679053501, 'dropout_l1': 0.3910599385932791, 'dropout_l2': 0.2559146671687879, 'learning_rate': 3.622453454117903e-05}. Best is trial 137 with value: 0.9399999976158142.
[I 2025-03-20 18:47:30,194] Trial 175 finished with value: 0.8999999761581421 and parameters: {'dropout_l0': 0.43017670393840945, 'dropout_l1': 0.39338829186795915, 'dropout_l2': 0.26098888534779296, 'learning_rate': 3.294015014324963e-05}. Best is trial 137 with value: 0.9399999976158142.
[I 2025-03-20 18:47:38,860] Trial 176 finished with value: 0.8199999928474426 and parameters: {'dropout_l0': 0.41020110819040545, 'dropout_l1': 0.3898268212027441, 'dropout_l2': 0.2707324653633921, 'learning_rate': 7.251137241668623e-05}. Best is trial 137 with value: 0.9399999976158142.
[I 2025-03-20 18:47:43,129] Trial 177 pruned. Trial was pruned at epoch 10.
[I 2025-03-20 18:47:47,319] Trial 178 pruned. Trial was pruned at epoch 10.
[I 2025-03-20 18:47:50,664] Trial 179 pruned. Trial was pruned at epoch 10.
[I 2025-03-20 18:48:00,033] Trial 180 finished with value: 0.8600000143051147 and parameters: {'dropout_l0': 0.4384404728492414, 'dropout_l1': 0.3085517433759, 'dropout_l2': 0.25955032422036567, 'learning_rate': 4.058732971181704e-05}. Best is trial 137 with value: 0.9399999976158142.
[I 2025-03-20 18:48:09,435] Trial 181 finished with value: 0.9200000166893005 and parameters: {'dropout_l0': 0.4343446985754583, 'dropout_l1': 0.4526202181573797, 'dropout_l2': 0.2862482549694727, 'learning_rate': 1.572588390398405e-05}. Best is trial 137 with value: 0.9399999976158142.
[I 2025-03-20 18:48:13,651] Trial 182 pruned. Trial was pruned at epoch 10.
[I 2025-03-20 18:48:20,440] Trial 183 finished with value: 0.6800000071525574 and parameters: {'dropout_l0': 0.4333107818789981, 'dropout_l1': 0.4489778232119399, 'dropout_l2': 0.27981398515577716, 'learning_rate': 7.605565683686643e-05}. Best is trial 137 with value: 0.9399999976158142.
[I 2025-03-20 18:48:28,981] Trial 184 finished with value: 0.8600000143051147 and parameters: {'dropout_l0': 0.44382805221860644, 'dropout_l1': 0.3545747584909347, 'dropout_l2': 0.26845652131031383, 'learning_rate': 1.438221179185893e-05}. Best is trial 137 with value: 0.9399999976158142.
[I 2025-03-20 18:48:33,356] Trial 185 pruned. Trial was pruned at epoch 10.
[I 2025-03-20 18:48:37,550] Trial 186 pruned. Trial was pruned at epoch 10.
[I 2025-03-20 18:48:46,896] Trial 187 finished with value: 0.8999999761581421 and parameters: {'dropout_l0': 0.4999781082838225, 'dropout_l1': 0.3421820796203256, 'dropout_l2': 0.2382369634205414, 'learning_rate': 1.609638745083528e-05}. Best is trial 137 with value: 0.9399999976158142.
[I 2025-03-20 18:48:51,057] Trial 188 pruned. Trial was pruned at epoch 10.
[I 2025-03-20 18:48:59,485] Trial 189 finished with value: 0.8600000143051147 and parameters: {'dropout_l0': 0.4359494083638173, 'dropout_l1': 0.3145850175500587, 'dropout_l2': 0.3930499434508956, 'learning_rate': 3.212226374143115e-05}. Best is trial 137 with value: 0.9399999976158142.
[I 2025-03-20 18:49:07,352] Trial 190 finished with value: 0.8600000143051147 and parameters: {'dropout_l0': 0.4185262378893112, 'dropout_l1': 0.3822077115829361, 'dropout_l2': 0.33442875345168743, 'learning_rate': 6.133547335574683e-05}. Best is trial 137 with value: 0.9399999976158142.
[I 2025-03-20 18:49:11,543] Trial 191 pruned. Trial was pruned at epoch 10.
[I 2025-03-20 18:49:20,718] Trial 192 finished with value: 0.8799999952316284 and parameters: {'dropout_l0': 0.42839267473332643, 'dropout_l1': 0.41697479952857774, 'dropout_l2': 0.3043510483308809, 'learning_rate': 1.5109170105924698e-05}. Best is trial 137 with value: 0.9399999976158142.
[I 2025-03-20 18:49:24,136] Trial 193 pruned. Trial was pruned at epoch 10.
[I 2025-03-20 18:49:31,844] Trial 194 finished with value: 0.8999999761581421 and parameters: {'dropout_l0': 0.34169545022687225, 'dropout_l1': 0.443832505660759, 'dropout_l2': 0.2811874182871472, 'learning_rate': 6.773860964706109e-05}. Best is trial 137 with value: 0.9399999976158142.
[I 2025-03-20 18:49:36,155] Trial 195 pruned. Trial was pruned at epoch 10.
[I 2025-03-20 18:49:45,626] Trial 196 finished with value: 0.8999999761581421 and parameters: {'dropout_l0': 0.4420863446984319, 'dropout_l1': 0.4613748160100206, 'dropout_l2': 0.2615621733573022, 'learning_rate': 2.4900039521172897e-05}. Best is trial 137 with value: 0.9399999976158142.
[I 2025-03-20 18:49:55,222] Trial 197 finished with value: 0.9200000166893005 and parameters: {'dropout_l0': 0.45245812567784255, 'dropout_l1': 0.41031964769893026, 'dropout_l2': 0.4421357276852091, 'learning_rate': 1.5710610727787912e-05}. Best is trial 137 with value: 0.9399999976158142.
[I 2025-03-20 18:49:59,553] Trial 198 pruned. Trial was pruned at epoch 10.
[I 2025-03-20 18:50:03,788] Trial 199 pruned. Trial was pruned at epoch 10.