[I 2025-03-20 18:28:25,359] A new study created in memory with name: no-name-33410342-b6da-4a24-a4a8-dfec9a1a9e6c
[I 2025-03-20 18:28:30,914] Trial 0 finished with value: 0.8600000143051147 and parameters: {'dropout_l0': 0.33387685039430626, 'dropout_l1': 0.4335139655168424, 'dropout_l2': 0.44033910514270685, 'learning_rate': 6.954126918873957e-05}. Best is trial 0 with value: 0.8600000143051147.
[I 2025-03-20 18:28:39,713] Trial 1 finished with value: 0.8999999761581421 and parameters: {'dropout_l0': 0.47418142275650965, 'dropout_l1': 0.32676076746146554, 'dropout_l2': 0.2301243776502886, 'learning_rate': 1.5404848687676377e-05}. Best is trial 1 with value: 0.8999999761581421.
[I 2025-03-20 18:28:48,165] Trial 2 finished with value: 0.9200000166893005 and parameters: {'dropout_l0': 0.24681184381333124, 'dropout_l1': 0.4803313627396482, 'dropout_l2': 0.46476131629392403, 'learning_rate': 5.7099747547640106e-05}. Best is trial 2 with value: 0.9200000166893005.
[I 2025-03-20 18:28:56,765] Trial 3 finished with value: 0.8999999761581421 and parameters: {'dropout_l0': 0.37205928124445686, 'dropout_l1': 0.4183236967839755, 'dropout_l2': 0.4045739619122016, 'learning_rate': 1.598336980176329e-05}. Best is trial 2 with value: 0.9200000166893005.
[I 2025-03-20 18:29:04,585] Trial 4 finished with value: 0.8999999761581421 and parameters: {'dropout_l0': 0.3395825760904433, 'dropout_l1': 0.3101263728136167, 'dropout_l2': 0.38998936357852804, 'learning_rate': 2.9208293900464724e-05}. Best is trial 2 with value: 0.9200000166893005.
[I 2025-03-20 18:29:13,342] Trial 5 finished with value: 0.8999999761581421 and parameters: {'dropout_l0': 0.4449218047520958, 'dropout_l1': 0.4381113462004653, 'dropout_l2': 0.29081925139851417, 'learning_rate': 2.1916897440238166e-05}. Best is trial 2 with value: 0.9200000166893005.
[I 2025-03-20 18:29:21,987] Trial 6 finished with value: 0.8600000143051147 and parameters: {'dropout_l0': 0.44432796902376626, 'dropout_l1': 0.28617645368188677, 'dropout_l2': 0.23347186232473824, 'learning_rate': 1.1843617008205452e-05}. Best is trial 2 with value: 0.9200000166893005.
[I 2025-03-20 18:29:30,455] Trial 7 finished with value: 0.8799999952316284 and parameters: {'dropout_l0': 0.3220178374853501, 'dropout_l1': 0.4520127910694583, 'dropout_l2': 0.33431291270421004, 'learning_rate': 4.757087093954498e-05}. Best is trial 2 with value: 0.9200000166893005.
[I 2025-03-20 18:29:36,045] Trial 8 finished with value: 0.8600000143051147 and parameters: {'dropout_l0': 0.4664180954857894, 'dropout_l1': 0.2194223005041262, 'dropout_l2': 0.27002877497737293, 'learning_rate': 3.759544865291289e-05}. Best is trial 2 with value: 0.9200000166893005.
[I 2025-03-20 18:29:42,848] Trial 9 finished with value: 0.8999999761581421 and parameters: {'dropout_l0': 0.29560273314289, 'dropout_l1': 0.20039468976057195, 'dropout_l2': 0.4879162811954064, 'learning_rate': 9.855457955118061e-05}. Best is trial 2 with value: 0.9200000166893005.
[I 2025-03-20 18:29:46,068] Trial 10 pruned. Trial was pruned at epoch 13.
[I 2025-03-20 18:29:48,835] Trial 11 pruned. Trial was pruned at epoch 10.
[I 2025-03-20 18:29:57,594] Trial 12 finished with value: 0.8600000143051147 and parameters: {'dropout_l0': 0.2581832800010544, 'dropout_l1': 0.3116239954603438, 'dropout_l2': 0.2084289043358417, 'learning_rate': 2.494566973917021e-05}. Best is trial 2 with value: 0.9200000166893005.
[I 2025-03-20 18:30:00,599] Trial 13 pruned. Trial was pruned at epoch 10.
[I 2025-03-20 18:30:08,574] Trial 14 finished with value: 0.8799999952316284 and parameters: {'dropout_l0': 0.2617851221484946, 'dropout_l1': 0.26738160087142243, 'dropout_l2': 0.443899828910001, 'learning_rate': 4.094175219059177e-05}. Best is trial 2 with value: 0.9200000166893005.
[I 2025-03-20 18:30:16,341] Trial 15 finished with value: 0.9200000166893005 and parameters: {'dropout_l0': 0.40709426493848977, 'dropout_l1': 0.39494342266562116, 'dropout_l2': 0.38028184361591005, 'learning_rate': 6.082302492087291e-05}. Best is trial 2 with value: 0.9200000166893005.
[I 2025-03-20 18:30:24,505] Trial 16 finished with value: 0.8999999761581421 and parameters: {'dropout_l0': 0.3991852209844967, 'dropout_l1': 0.4908143108191991, 'dropout_l2': 0.3779425530023104, 'learning_rate': 8.162076931897613e-05}. Best is trial 2 with value: 0.9200000166893005.
[I 2025-03-20 18:30:27,424] Trial 17 pruned. Trial was pruned at epoch 10.
[I 2025-03-20 18:30:33,245] Trial 18 finished with value: 0.8799999952316284 and parameters: {'dropout_l0': 0.26923075768226107, 'dropout_l1': 0.4801670307360018, 'dropout_l2': 0.4176346009344726, 'learning_rate': 6.992865858493134e-05}. Best is trial 2 with value: 0.9200000166893005.
[I 2025-03-20 18:30:40,657] Trial 19 finished with value: 0.8799999952316284 and parameters: {'dropout_l0': 0.3631318018563969, 'dropout_l1': 0.3884843141797014, 'dropout_l2': 0.36465368343921456, 'learning_rate': 5.10761656355299e-05}. Best is trial 2 with value: 0.9200000166893005.
[I 2025-03-20 18:30:48,770] Trial 20 finished with value: 0.8799999952316284 and parameters: {'dropout_l0': 0.4972080132833038, 'dropout_l1': 0.46598069423128224, 'dropout_l2': 0.45735374158378655, 'learning_rate': 9.900196760287328e-05}. Best is trial 2 with value: 0.9200000166893005.
[I 2025-03-20 18:30:57,159] Trial 21 finished with value: 0.9200000166893005 and parameters: {'dropout_l0': 0.49710507404259574, 'dropout_l1': 0.3403997963129748, 'dropout_l2': 0.32428054618642166, 'learning_rate': 3.502961342752092e-05}. Best is trial 2 with value: 0.9200000166893005.
[I 2025-03-20 18:31:04,839] Trial 22 finished with value: 0.8999999761581421 and parameters: {'dropout_l0': 0.43189654619988666, 'dropout_l1': 0.35072735585040893, 'dropout_l2': 0.3210782792698965, 'learning_rate': 3.450389090642504e-05}. Best is trial 2 with value: 0.9200000166893005.
[I 2025-03-20 18:31:13,405] Trial 23 finished with value: 0.8199999928474426 and parameters: {'dropout_l0': 0.49228353713300765, 'dropout_l1': 0.40892824693219837, 'dropout_l2': 0.36333214996270036, 'learning_rate': 6.920451192470485e-05}. Best is trial 2 with value: 0.9200000166893005.
[I 2025-03-20 18:31:22,257] Trial 24 finished with value: 0.8600000143051147 and parameters: {'dropout_l0': 0.3048238395380696, 'dropout_l1': 0.2578909631585434, 'dropout_l2': 0.31054996510613775, 'learning_rate': 4.3791017663308595e-05}. Best is trial 2 with value: 0.9200000166893005.
[I 2025-03-20 18:31:29,835] Trial 25 finished with value: 0.8799999952316284 and parameters: {'dropout_l0': 0.2328290723581505, 'dropout_l1': 0.3324690874027363, 'dropout_l2': 0.4162516358541889, 'learning_rate': 3.006968818645887e-05}. Best is trial 2 with value: 0.9200000166893005.
[I 2025-03-20 18:31:38,033] Trial 26 finished with value: 0.8799999952316284 and parameters: {'dropout_l0': 0.42904185289740665, 'dropout_l1': 0.3628805154381998, 'dropout_l2': 0.4750288558843564, 'learning_rate': 5.6577599953955863e-05}. Best is trial 2 with value: 0.9200000166893005.
[I 2025-03-20 18:31:41,083] Trial 27 pruned. Trial was pruned at epoch 10.
[I 2025-03-20 18:31:47,687] Trial 28 finished with value: 0.8799999952316284 and parameters: {'dropout_l0': 0.4639480704074456, 'dropout_l1': 0.4615762124597873, 'dropout_l2': 0.25604802335195914, 'learning_rate': 8.500309267471535e-05}. Best is trial 2 with value: 0.9200000166893005.
[I 2025-03-20 18:31:51,106] Trial 29 pruned. Trial was pruned at epoch 10.
[I 2025-03-20 18:31:54,427] Trial 30 pruned. Trial was pruned at epoch 10.
[I 2025-03-20 18:31:57,452] Trial 31 pruned. Trial was pruned at epoch 11.
[I 2025-03-20 18:32:00,372] Trial 32 pruned. Trial was pruned at epoch 10.
[I 2025-03-20 18:32:03,373] Trial 33 pruned. Trial was pruned at epoch 10.
[I 2025-03-20 18:32:10,768] Trial 34 finished with value: 0.8600000143051147 and parameters: {'dropout_l0': 0.4129073962934802, 'dropout_l1': 0.31469702215840606, 'dropout_l2': 0.24101019465308726, 'learning_rate': 2.6239361875300383e-05}. Best is trial 2 with value: 0.9200000166893005.
[I 2025-03-20 18:32:14,604] Trial 35 pruned. Trial was pruned at epoch 16.
[I 2025-03-20 18:32:17,581] Trial 36 pruned. Trial was pruned at epoch 10.
[I 2025-03-20 18:32:26,054] Trial 37 finished with value: 0.8600000143051147 and parameters: {'dropout_l0': 0.42191416112363556, 'dropout_l1': 0.2549200929454506, 'dropout_l2': 0.4672944623750983, 'learning_rate': 4.8093072311495376e-05}. Best is trial 2 with value: 0.9200000166893005.
[I 2025-03-20 18:32:29,308] Trial 38 pruned. Trial was pruned at epoch 10.
[I 2025-03-20 18:32:38,851] Trial 39 finished with value: 0.8999999761581421 and parameters: {'dropout_l0': 0.4422669244831323, 'dropout_l1': 0.34928568459615694, 'dropout_l2': 0.2691694230744748, 'learning_rate': 3.9008962695908935e-05}. Best is trial 2 with value: 0.9200000166893005.
[I 2025-03-20 18:32:41,695] Trial 40 pruned. Trial was pruned at epoch 10.
[I 2025-03-20 18:32:51,734] Trial 41 finished with value: 0.9200000166893005 and parameters: {'dropout_l0': 0.37301949574936677, 'dropout_l1': 0.4003637381422943, 'dropout_l2': 0.3943376790049522, 'learning_rate': 1.4761134823546158e-05}. Best is trial 2 with value: 0.9200000166893005.
[I 2025-03-20 18:32:55,243] Trial 42 pruned. Trial was pruned at epoch 10.
[I 2025-03-20 18:32:58,657] Trial 43 pruned. Trial was pruned at epoch 10.
[I 2025-03-20 18:33:08,241] Trial 44 finished with value: 0.8799999952316284 and parameters: {'dropout_l0': 0.2883684398622878, 'dropout_l1': 0.35358772983836884, 'dropout_l2': 0.37605316610201506, 'learning_rate': 2.111161088545377e-05}. Best is trial 2 with value: 0.9200000166893005.
[I 2025-03-20 18:33:10,993] Trial 45 pruned. Trial was pruned at epoch 10.
[I 2025-03-20 18:33:14,613] Trial 46 pruned. Trial was pruned at epoch 10.
[I 2025-03-20 18:33:18,862] Trial 47 pruned. Trial was pruned at epoch 16.
[I 2025-03-20 18:33:22,371] Trial 48 pruned. Trial was pruned at epoch 10.
[I 2025-03-20 18:33:25,916] Trial 49 pruned. Trial was pruned at epoch 10.
[I 2025-03-20 18:33:29,313] Trial 50 pruned. Trial was pruned at epoch 10.
[I 2025-03-20 18:33:32,547] Trial 51 pruned. Trial was pruned at epoch 10.
[I 2025-03-20 18:33:41,535] Trial 52 finished with value: 0.9200000166893005 and parameters: {'dropout_l0': 0.38736261270433553, 'dropout_l1': 0.37844783084018296, 'dropout_l2': 0.4331826910597243, 'learning_rate': 1.7513733986443415e-05}. Best is trial 2 with value: 0.9200000166893005.
[I 2025-03-20 18:33:44,805] Trial 53 pruned. Trial was pruned at epoch 16.
[I 2025-03-20 18:33:50,524] Trial 54 finished with value: 0.8600000143051147 and parameters: {'dropout_l0': 0.3662863426624487, 'dropout_l1': 0.3716155129218479, 'dropout_l2': 0.4260987550148675, 'learning_rate': 5.119735295477127e-05}. Best is trial 2 with value: 0.9200000166893005.
[I 2025-03-20 18:33:58,985] Trial 55 finished with value: 0.8999999761581421 and parameters: {'dropout_l0': 0.3859796328604371, 'dropout_l1': 0.4038621988513847, 'dropout_l2': 0.45267729627693754, 'learning_rate': 6.21340443243647e-05}. Best is trial 2 with value: 0.9200000166893005.
[I 2025-03-20 18:34:09,777] Trial 56 finished with value: 0.9200000166893005 and parameters: {'dropout_l0': 0.34873658781124933, 'dropout_l1': 0.3500365330316898, 'dropout_l2': 0.44376344400873213, 'learning_rate': 3.52476506354033e-05}. Best is trial 2 with value: 0.9200000166893005.
[I 2025-03-20 18:34:17,401] Trial 57 finished with value: 0.8999999761581421 and parameters: {'dropout_l0': 0.2789086016320987, 'dropout_l1': 0.34709470075566656, 'dropout_l2': 0.4828302052421909, 'learning_rate': 3.5014285527922175e-05}. Best is trial 2 with value: 0.9200000166893005.
[I 2025-03-20 18:34:25,705] Trial 58 finished with value: 0.8799999952316284 and parameters: {'dropout_l0': 0.34812054860688046, 'dropout_l1': 0.3616256983764412, 'dropout_l2': 0.4576123261776049, 'learning_rate': 3.161752289841819e-05}. Best is trial 2 with value: 0.9200000166893005.
[I 2025-03-20 18:34:34,913] Trial 59 finished with value: 0.8999999761581421 and parameters: {'dropout_l0': 0.20855816802684782, 'dropout_l1': 0.3408714514114084, 'dropout_l2': 0.40942764619626415, 'learning_rate': 2.350130259656037e-05}. Best is trial 2 with value: 0.9200000166893005.
[I 2025-03-20 18:34:44,813] Trial 60 finished with value: 0.8799999952316284 and parameters: {'dropout_l0': 0.37077632600581484, 'dropout_l1': 0.31515601919504543, 'dropout_l2': 0.44232458980248573, 'learning_rate': 4.439084796794543e-05}. Best is trial 2 with value: 0.9200000166893005.
[I 2025-03-20 18:34:55,381] Trial 61 finished with value: 0.8799999952316284 and parameters: {'dropout_l0': 0.40277094035320227, 'dropout_l1': 0.3244809126164496, 'dropout_l2': 0.46553084925447974, 'learning_rate': 1.8580145446862113e-05}. Best is trial 2 with value: 0.9200000166893005.
[I 2025-03-20 18:35:04,967] Trial 62 finished with value: 0.8399999737739563 and parameters: {'dropout_l0': 0.43301877354423096, 'dropout_l1': 0.2719345577542126, 'dropout_l2': 0.42406146358012436, 'learning_rate': 5.147366416315617e-05}. Best is trial 2 with value: 0.9200000166893005.
[I 2025-03-20 18:35:09,370] Trial 63 pruned. Trial was pruned at epoch 10.
[I 2025-03-20 18:35:18,667] Trial 64 finished with value: 0.8600000143051147 and parameters: {'dropout_l0': 0.48729406814749526, 'dropout_l1': 0.3604775394569418, 'dropout_l2': 0.3544780165389274, 'learning_rate': 7.509540581430117e-05}. Best is trial 2 with value: 0.9200000166893005.
[I 2025-03-20 18:35:27,191] Trial 65 finished with value: 0.8799999952316284 and parameters: {'dropout_l0': 0.23883042295552356, 'dropout_l1': 0.3020015775714139, 'dropout_l2': 0.46947282710167126, 'learning_rate': 3.719547287629637e-05}. Best is trial 2 with value: 0.9200000166893005.
[I 2025-03-20 18:35:36,225] Trial 66 finished with value: 0.8999999761581421 and parameters: {'dropout_l0': 0.3286263947340476, 'dropout_l1': 0.3236722304151103, 'dropout_l2': 0.3988720746674859, 'learning_rate': 2.8843915701505024e-05}. Best is trial 2 with value: 0.9200000166893005.
[I 2025-03-20 18:35:47,084] Trial 67 finished with value: 0.8799999952316284 and parameters: {'dropout_l0': 0.3800272185974225, 'dropout_l1': 0.3714439910897588, 'dropout_l2': 0.4788570552269422, 'learning_rate': 2.1214198146716737e-05}. Best is trial 2 with value: 0.9200000166893005.
[I 2025-03-20 18:35:49,860] Trial 68 pruned. Trial was pruned at epoch 10.
[I 2025-03-20 18:35:54,231] Trial 69 pruned. Trial was pruned at epoch 10.
[I 2025-03-20 18:35:58,717] Trial 70 pruned. Trial was pruned at epoch 10.
[I 2025-03-20 18:36:02,116] Trial 71 pruned. Trial was pruned at epoch 10.
[I 2025-03-20 18:36:05,519] Trial 72 pruned. Trial was pruned at epoch 10.
[I 2025-03-20 18:36:09,881] Trial 73 pruned. Trial was pruned at epoch 10.
[I 2025-03-20 18:36:19,797] Trial 74 finished with value: 0.8999999761581421 and parameters: {'dropout_l0': 0.3949170954814055, 'dropout_l1': 0.3559159959564284, 'dropout_l2': 0.286033141943489, 'learning_rate': 1.4043677209729853e-05}. Best is trial 2 with value: 0.9200000166893005.
[I 2025-03-20 18:36:23,170] Trial 75 pruned. Trial was pruned at epoch 10.
[I 2025-03-20 18:36:31,735] Trial 76 finished with value: 0.8799999952316284 and parameters: {'dropout_l0': 0.44949040388899997, 'dropout_l1': 0.4158519249309036, 'dropout_l2': 0.4377854383922689, 'learning_rate': 2.733165045898732e-05}. Best is trial 2 with value: 0.9200000166893005.
[I 2025-03-20 18:36:40,428] Trial 77 finished with value: 0.8600000143051147 and parameters: {'dropout_l0': 0.30793798827980595, 'dropout_l1': 0.37613297254947997, 'dropout_l2': 0.22901280319343265, 'learning_rate': 4.5616177157703903e-05}. Best is trial 2 with value: 0.9200000166893005.
[I 2025-03-20 18:36:43,755] Trial 78 pruned. Trial was pruned at epoch 10.
[I 2025-03-20 18:36:50,561] Trial 79 finished with value: 0.8799999952316284 and parameters: {'dropout_l0': 0.254448846170081, 'dropout_l1': 0.40153031723550625, 'dropout_l2': 0.25521131713019746, 'learning_rate': 5.447554619144152e-05}. Best is trial 2 with value: 0.9200000166893005.
[I 2025-03-20 18:36:59,198] Trial 80 finished with value: 0.8799999952316284 and parameters: {'dropout_l0': 0.40571687649291627, 'dropout_l1': 0.2132976314015368, 'dropout_l2': 0.40731410748498137, 'learning_rate': 3.786343082488516e-05}. Best is trial 2 with value: 0.9200000166893005.
[I 2025-03-20 18:37:04,033] Trial 81 pruned. Trial was pruned at epoch 21.
[I 2025-03-20 18:37:12,734] Trial 82 finished with value: 0.8999999761581421 and parameters: {'dropout_l0': 0.3390870961860467, 'dropout_l1': 0.3659806291757403, 'dropout_l2': 0.3801596390017494, 'learning_rate': 3.184607827458024e-05}. Best is trial 2 with value: 0.9200000166893005.
[I 2025-03-20 18:37:16,042] Trial 83 pruned. Trial was pruned at epoch 10.
[I 2025-03-20 18:37:19,412] Trial 84 pruned. Trial was pruned at epoch 10.
[I 2025-03-20 18:37:25,536] Trial 85 finished with value: 0.8600000143051147 and parameters: {'dropout_l0': 0.3671835562443002, 'dropout_l1': 0.3362723002739887, 'dropout_l2': 0.40018225031694005, 'learning_rate': 7.260548089892652e-05}. Best is trial 2 with value: 0.9200000166893005.
[I 2025-03-20 18:37:34,183] Trial 86 finished with value: 0.8600000143051147 and parameters: {'dropout_l0': 0.3576858858407338, 'dropout_l1': 0.29587250094766004, 'dropout_l2': 0.37440886455045136, 'learning_rate': 4.036020045882547e-05}. Best is trial 2 with value: 0.9200000166893005.
[I 2025-03-20 18:37:37,619] Trial 87 pruned. Trial was pruned at epoch 10.
[I 2025-03-20 18:37:41,028] Trial 88 pruned. Trial was pruned at epoch 10.
[I 2025-03-20 18:37:44,451] Trial 89 pruned. Trial was pruned at epoch 10.
[I 2025-03-20 18:37:53,218] Trial 90 finished with value: 0.8799999952316284 and parameters: {'dropout_l0': 0.22258855295782318, 'dropout_l1': 0.4899188818899415, 'dropout_l2': 0.3314190423218712, 'learning_rate': 1.5207297621042838e-05}. Best is trial 2 with value: 0.9200000166893005.
[I 2025-03-20 18:37:55,877] Trial 91 pruned. Trial was pruned at epoch 10.
[I 2025-03-20 18:37:59,300] Trial 92 pruned. Trial was pruned at epoch 10.
[I 2025-03-20 18:38:02,727] Trial 93 pruned. Trial was pruned at epoch 10.
[I 2025-03-20 18:38:11,535] Trial 94 finished with value: 0.9200000166893005 and parameters: {'dropout_l0': 0.4682706592389754, 'dropout_l1': 0.44353771387885876, 'dropout_l2': 0.339280860874835, 'learning_rate': 3.539056875129565e-05}. Best is trial 2 with value: 0.9200000166893005.
[I 2025-03-20 18:38:14,978] Trial 95 pruned. Trial was pruned at epoch 10.
[I 2025-03-20 18:38:23,781] Trial 96 finished with value: 0.8399999737739563 and parameters: {'dropout_l0': 0.351453060703084, 'dropout_l1': 0.44316581046405906, 'dropout_l2': 0.34243418795314634, 'learning_rate': 4.1738470633994144e-05}. Best is trial 2 with value: 0.9200000166893005.
[I 2025-03-20 18:38:29,591] Trial 97 finished with value: 0.800000011920929 and parameters: {'dropout_l0': 0.4783213779834764, 'dropout_l1': 0.43332848199025353, 'dropout_l2': 0.4170230119535054, 'learning_rate': 3.549764445666421e-05}. Best is trial 2 with value: 0.9200000166893005.
[I 2025-03-20 18:38:36,138] Trial 98 finished with value: 0.8199999928474426 and parameters: {'dropout_l0': 0.31725902758711283, 'dropout_l1': 0.32886480682454927, 'dropout_l2': 0.42990122115076246, 'learning_rate': 6.123082465527553e-05}. Best is trial 2 with value: 0.9200000166893005.
[I 2025-03-20 18:38:44,669] Trial 99 finished with value: 0.8799999952316284 and parameters: {'dropout_l0': 0.2702277304407449, 'dropout_l1': 0.3138135525275681, 'dropout_l2': 0.3959267673033881, 'learning_rate': 3.3166102771101525e-05}. Best is trial 2 with value: 0.9200000166893005.
[I 2025-03-20 18:38:53,429] Trial 100 finished with value: 0.8999999761581421 and parameters: {'dropout_l0': 0.36309544883262934, 'dropout_l1': 0.3793423166548075, 'dropout_l2': 0.341794799006508, 'learning_rate': 2.9330838621353403e-05}. Best is trial 2 with value: 0.9200000166893005.
[I 2025-03-20 18:39:01,474] Trial 101 finished with value: 0.8999999761581421 and parameters: {'dropout_l0': 0.4612706324095654, 'dropout_l1': 0.45984137844115053, 'dropout_l2': 0.3147729044191391, 'learning_rate': 3.6941778741158334e-05}. Best is trial 2 with value: 0.9200000166893005.
[I 2025-03-20 18:39:10,275] Trial 102 finished with value: 0.8799999952316284 and parameters: {'dropout_l0': 0.48647028651865576, 'dropout_l1': 0.4141807146995206, 'dropout_l2': 0.2520188438602002, 'learning_rate': 2.2623486523352936e-05}. Best is trial 2 with value: 0.9200000166893005.
[I 2025-03-20 18:39:13,799] Trial 103 pruned. Trial was pruned at epoch 10.
[I 2025-03-20 18:39:21,338] Trial 104 finished with value: 0.8399999737739563 and parameters: {'dropout_l0': 0.4421643913822678, 'dropout_l1': 0.4047560204290071, 'dropout_l2': 0.26469338231837564, 'learning_rate': 5.4079256005291444e-05}. Best is trial 2 with value: 0.9200000166893005.
[I 2025-03-20 18:39:26,335] Trial 105 pruned. Trial was pruned at epoch 21.
[I 2025-03-20 18:39:34,327] Trial 106 finished with value: 0.8999999761581421 and parameters: {'dropout_l0': 0.49289111968364685, 'dropout_l1': 0.3550614318405328, 'dropout_l2': 0.30334337694761376, 'learning_rate': 3.3725971006414055e-05}. Best is trial 2 with value: 0.9200000166893005.
[I 2025-03-20 18:39:37,969] Trial 107 pruned. Trial was pruned at epoch 10.
[I 2025-03-20 18:39:45,548] Trial 108 finished with value: 0.8799999952316284 and parameters: {'dropout_l0': 0.4156269317203827, 'dropout_l1': 0.4198039367447102, 'dropout_l2': 0.2417897916916732, 'learning_rate': 2.6175676363546404e-05}. Best is trial 2 with value: 0.9200000166893005.
[I 2025-03-20 18:39:50,561] Trial 109 pruned. Trial was pruned at epoch 19.
[I 2025-03-20 18:39:54,118] Trial 110 pruned. Trial was pruned at epoch 10.
