[I 2025-03-21 11:28:09,503] A new study created in memory with name: no-name-8942bdfb-d7c2-4e3e-a6da-99b35acb8191
[I 2025-03-21 11:28:21,238] Trial 0 finished with value: 0.8594903901219368 and parameters: {'n_units_l0': 80, 'dropout_l0': 0.4495231960353747, 'n_units_l1': 40, 'dropout_l1': 0.46202298499813754, 'learning_rate': 2.761152996562126e-05}. Best is trial 0 with value: 0.8594903901219368.
[I 2025-03-21 11:28:30,682] Trial 1 finished with value: 0.8470384448766708 and parameters: {'n_units_l0': 108, 'dropout_l0': 0.21737432968296175, 'n_units_l1': 62, 'dropout_l1': 0.43312263355691333, 'learning_rate': 6.577622557888688e-05}. Best is trial 0 with value: 0.8594903901219368.
[I 2025-03-21 11:28:39,207] Trial 2 finished with value: 0.8649519264698029 and parameters: {'n_units_l0': 108, 'dropout_l0': 0.2161809325901049, 'n_units_l1': 55, 'dropout_l1': 0.44430186388279486, 'learning_rate': 9.086776833204505e-05}. Best is trial 2 with value: 0.8649519264698029.
[I 2025-03-21 11:28:43,994] Trial 3 finished with value: 0.8787307664752007 and parameters: {'n_units_l0': 78, 'dropout_l0': 0.23839460425651327, 'n_units_l1': 48, 'dropout_l1': 0.3802832480007292, 'learning_rate': 2.7599582342614056e-05}. Best is trial 3 with value: 0.8787307664752007.
[I 2025-03-21 11:29:00,677] Trial 4 finished with value: 0.8755961656570435 and parameters: {'n_units_l0': 100, 'dropout_l0': 0.42873662792737566, 'n_units_l1': 61, 'dropout_l1': 0.21765686046567162, 'learning_rate': 1.0833833830131751e-05}. Best is trial 3 with value: 0.8787307664752007.
[I 2025-03-21 11:29:10,444] Trial 5 finished with value: 0.8820865347981452 and parameters: {'n_units_l0': 85, 'dropout_l0': 0.24971841625451602, 'n_units_l1': 75, 'dropout_l1': 0.21229065293610574, 'learning_rate': 5.1400265166831624e-05}. Best is trial 5 with value: 0.8820865347981452.
[I 2025-03-21 11:29:20,622] Trial 6 finished with value: 0.8958653748035432 and parameters: {'n_units_l0': 95, 'dropout_l0': 0.25949426935177416, 'n_units_l1': 53, 'dropout_l1': 0.20673091468287022, 'learning_rate': 2.0592062503612585e-05}. Best is trial 6 with value: 0.8958653748035432.
[I 2025-03-21 11:29:33,392] Trial 7 finished with value: 0.8566250175237655 and parameters: {'n_units_l0': 100, 'dropout_l0': 0.4890531042690528, 'n_units_l1': 74, 'dropout_l1': 0.40403171902633106, 'learning_rate': 1.4783462499651968e-05}. Best is trial 6 with value: 0.8958653748035432.
[I 2025-03-21 11:29:40,478] Trial 8 finished with value: 0.8756057694554329 and parameters: {'n_units_l0': 95, 'dropout_l0': 0.3025498582235013, 'n_units_l1': 80, 'dropout_l1': 0.2581901093339955, 'learning_rate': 2.3752519342738267e-05}. Best is trial 6 with value: 0.8958653748035432.
[I 2025-03-21 11:29:54,855] Trial 9 finished with value: 0.8592403903603554 and parameters: {'n_units_l0': 81, 'dropout_l0': 0.45087790619388823, 'n_units_l1': 58, 'dropout_l1': 0.4286252461510996, 'learning_rate': 1.1407325737455497e-05}. Best is trial 6 with value: 0.8958653748035432.
[I 2025-03-21 11:30:06,864] Trial 10 finished with value: 0.8807884529232979 and parameters: {'n_units_l0': 118, 'dropout_l0': 0.3449771445212986, 'n_units_l1': 48, 'dropout_l1': 0.3093904903285306, 'learning_rate': 1.777457953186489e-05}. Best is trial 6 with value: 0.8958653748035432.
[I 2025-03-21 11:30:14,593] Trial 11 finished with value: 0.8888365283608437 and parameters: {'n_units_l0': 88, 'dropout_l0': 0.28432297489037667, 'n_units_l1': 68, 'dropout_l1': 0.20547580856699815, 'learning_rate': 4.47194895611066e-05}. Best is trial 6 with value: 0.8958653748035432.
[I 2025-03-21 11:30:25,786] Trial 12 finished with value: 0.8945672929286959 and parameters: {'n_units_l0': 90, 'dropout_l0': 0.30261770023062584, 'n_units_l1': 67, 'dropout_l1': 0.29723956069127205, 'learning_rate': 4.425656944969269e-05}. Best is trial 6 with value: 0.8958653748035432.
[I 2025-03-21 11:30:34,993] Trial 13 finished with value: 0.8870384663343431 and parameters: {'n_units_l0': 91, 'dropout_l0': 0.35273465724718356, 'n_units_l1': 51, 'dropout_l1': 0.31045839408521525, 'learning_rate': 4.0053531288755785e-05}. Best is trial 6 with value: 0.8958653748035432.
[I 2025-03-21 11:30:46,201] Trial 14 finished with value: 0.8833846166729928 and parameters: {'n_units_l0': 93, 'dropout_l0': 0.3303899113258325, 'n_units_l1': 66, 'dropout_l1': 0.2701737778721031, 'learning_rate': 1.9511878848322292e-05}. Best is trial 6 with value: 0.8958653748035432.
[I 2025-03-21 11:30:53,691] Trial 15 finished with value: 0.8563653931021691 and parameters: {'n_units_l0': 86, 'dropout_l0': 0.2771130683842877, 'n_units_l1': 41, 'dropout_l1': 0.3300474958418943, 'learning_rate': 6.637258994857684e-05}. Best is trial 6 with value: 0.8958653748035432.
[I 2025-03-21 11:30:59,140] Trial 16 pruned. Trial was pruned at epoch 11.
[I 2025-03-21 11:31:10,099] Trial 17 finished with value: 0.8703846290707589 and parameters: {'n_units_l0': 89, 'dropout_l0': 0.3035867904018135, 'n_units_l1': 46, 'dropout_l1': 0.25315260614308893, 'learning_rate': 2.2199000233713384e-05}. Best is trial 6 with value: 0.8958653748035432.
[I 2025-03-21 11:31:25,098] Trial 18 finished with value: 0.8763557896018028 and parameters: {'n_units_l0': 106, 'dropout_l0': 0.25990242100356764, 'n_units_l1': 67, 'dropout_l1': 0.35712927395851296, 'learning_rate': 3.453190999661417e-05}. Best is trial 6 with value: 0.8958653748035432.
[I 2025-03-21 11:31:39,042] Trial 19 finished with value: 0.8787307664752007 and parameters: {'n_units_l0': 84, 'dropout_l0': 0.3825831608711458, 'n_units_l1': 44, 'dropout_l1': 0.2963412375551215, 'learning_rate': 1.5841859457700974e-05}. Best is trial 6 with value: 0.8958653748035432.
[I 2025-03-21 11:31:51,445] Trial 20 finished with value: 0.8727500215172768 and parameters: {'n_units_l0': 97, 'dropout_l0': 0.3219928294013328, 'n_units_l1': 52, 'dropout_l1': 0.24262608476705452, 'learning_rate': 5.460252480566911e-05}. Best is trial 6 with value: 0.8958653748035432.
[I 2025-03-21 11:32:06,075] Trial 21 finished with value: 0.8867692172527313 and parameters: {'n_units_l0': 88, 'dropout_l0': 0.2685754704840497, 'n_units_l1': 68, 'dropout_l1': 0.20702199652586303, 'learning_rate': 4.264422716375486e-05}. Best is trial 6 with value: 0.8958653748035432.
[I 2025-03-21 11:32:14,281] Trial 22 finished with value: 0.8324615225195885 and parameters: {'n_units_l0': 91, 'dropout_l0': 0.2903294307521721, 'n_units_l1': 59, 'dropout_l1': 0.2335090505169345, 'learning_rate': 4.453988669584569e-05}. Best is trial 6 with value: 0.8958653748035432.
[I 2025-03-21 11:32:29,415] Trial 23 finished with value: 0.8844423025846482 and parameters: {'n_units_l0': 96, 'dropout_l0': 0.23880510287393497, 'n_units_l1': 71, 'dropout_l1': 0.2793031236852339, 'learning_rate': 8.682135011088449e-05}. Best is trial 6 with value: 0.8958653748035432.
[I 2025-03-21 11:32:38,308] Trial 24 finished with value: 0.878701913356781 and parameters: {'n_units_l0': 88, 'dropout_l0': 0.3081275287952742, 'n_units_l1': 64, 'dropout_l1': 0.20069534439005732, 'learning_rate': 2.933616590843759e-05}. Best is trial 6 with value: 0.8958653748035432.
[I 2025-03-21 11:32:44,778] Trial 25 finished with value: 0.8662500083446503 and parameters: {'n_units_l0': 82, 'dropout_l0': 0.20358897755024408, 'n_units_l1': 71, 'dropout_l1': 0.23422770701895487, 'learning_rate': 7.1136582634433e-05}. Best is trial 6 with value: 0.8958653748035432.
[I 2025-03-21 11:32:53,263] Trial 26 finished with value: 0.8878172993659974 and parameters: {'n_units_l0': 93, 'dropout_l0': 0.36966853549187007, 'n_units_l1': 78, 'dropout_l1': 0.2832442792439135, 'learning_rate': 4.788188519583351e-05}. Best is trial 6 with value: 0.8958653748035432.
[I 2025-03-21 11:33:01,956] Trial 27 finished with value: 0.8696346089243889 and parameters: {'n_units_l0': 104, 'dropout_l0': 0.27316153473347027, 'n_units_l1': 57, 'dropout_l1': 0.3375278738266781, 'learning_rate': 3.697189005465379e-05}. Best is trial 6 with value: 0.8958653748035432.
[I 2025-03-21 11:33:05,334] Trial 28 finished with value: 0.8641730532050134 and parameters: {'n_units_l0': 91, 'dropout_l0': 0.2873627054001455, 'n_units_l1': 63, 'dropout_l1': 0.23091099197330273, 'learning_rate': 5.7390736401456264e-05}. Best is trial 6 with value: 0.8958653748035432.
[I 2025-03-21 11:33:17,752] Trial 29 finished with value: 0.8771538317203522 and parameters: {'n_units_l0': 84, 'dropout_l0': 0.3246327636335643, 'n_units_l1': 71, 'dropout_l1': 0.3654728982241334, 'learning_rate': 2.696326900986048e-05}. Best is trial 6 with value: 0.8958653748035432.
[I 2025-03-21 11:33:28,255] Trial 30 finished with value: 0.8779326647520065 and parameters: {'n_units_l0': 113, 'dropout_l0': 0.23957515180650926, 'n_units_l1': 52, 'dropout_l1': 0.2601772629490846, 'learning_rate': 3.146615879095746e-05}. Best is trial 6 with value: 0.8958653748035432.
[I 2025-03-21 11:33:35,655] Trial 31 finished with value: 0.8872980907559396 and parameters: {'n_units_l0': 94, 'dropout_l0': 0.37680286005301483, 'n_units_l1': 80, 'dropout_l1': 0.279659820762765, 'learning_rate': 4.742777664260772e-05}. Best is trial 6 with value: 0.8958653748035432.
[I 2025-03-21 11:33:45,614] Trial 32 finished with value: 0.8722403973340989 and parameters: {'n_units_l0': 98, 'dropout_l0': 0.3532402513435291, 'n_units_l1': 75, 'dropout_l1': 0.2958959478550694, 'learning_rate': 7.347869614858e-05}. Best is trial 6 with value: 0.8958653748035432.
[I 2025-03-21 11:33:54,843] Trial 33 finished with value: 0.8568846017122269 and parameters: {'n_units_l0': 93, 'dropout_l0': 0.4045104952574757, 'n_units_l1': 77, 'dropout_l1': 0.3181836382747602, 'learning_rate': 5.8320702683964113e-05}. Best is trial 6 with value: 0.8958653748035432.
[I 2025-03-21 11:34:04,138] Trial 34 finished with value: 0.8961249992251397 and parameters: {'n_units_l0': 87, 'dropout_l0': 0.3671787082900139, 'n_units_l1': 61, 'dropout_l1': 0.2230222977545786, 'learning_rate': 3.970161923843316e-05}. Best is trial 34 with value: 0.8961249992251397.
[I 2025-03-21 11:34:09,151] Trial 35 pruned. Trial was pruned at epoch 11.
[I 2025-03-21 11:34:18,951] Trial 36 finished with value: 0.8820865347981452 and parameters: {'n_units_l0': 87, 'dropout_l0': 0.2858454065741798, 'n_units_l1': 65, 'dropout_l1': 0.20140235032249207, 'learning_rate': 2.478692618003592e-05}. Best is trial 34 with value: 0.8961249992251397.
[I 2025-03-21 11:34:28,646] Trial 37 finished with value: 0.8839134693145752 and parameters: {'n_units_l0': 90, 'dropout_l0': 0.25447296196111974, 'n_units_l1': 62, 'dropout_l1': 0.2458233716693992, 'learning_rate': 2.048894008399796e-05}. Best is trial 34 with value: 0.8961249992251397.
[I 2025-03-21 11:34:34,775] Trial 38 finished with value: 0.8626153871417046 and parameters: {'n_units_l0': 83, 'dropout_l0': 0.40459793399950394, 'n_units_l1': 55, 'dropout_l1': 0.21938923363317708, 'learning_rate': 1.2848664140684225e-05}. Best is trial 34 with value: 0.8961249992251397.
[I 2025-03-21 11:34:39,791] Trial 39 pruned. Trial was pruned at epoch 10.
[I 2025-03-21 11:34:51,411] Trial 40 finished with value: 0.87769230902195 and parameters: {'n_units_l0': 99, 'dropout_l0': 0.3147455402071351, 'n_units_l1': 56, 'dropout_l1': 0.4004409149255712, 'learning_rate': 4.9242441473458485e-05}. Best is trial 34 with value: 0.8961249992251397.
[I 2025-03-21 11:34:59,395] Trial 41 finished with value: 0.8511730656027794 and parameters: {'n_units_l0': 93, 'dropout_l0': 0.3723110663250418, 'n_units_l1': 77, 'dropout_l1': 0.27751971710559775, 'learning_rate': 4.6467572221943095e-05}. Best is trial 34 with value: 0.8961249992251397.
[I 2025-03-21 11:35:05,102] Trial 42 finished with value: 0.8678173184394837 and parameters: {'n_units_l0': 95, 'dropout_l0': 0.4006964969543362, 'n_units_l1': 73, 'dropout_l1': 0.264434312868643, 'learning_rate': 4.03288386412744e-05}. Best is trial 34 with value: 0.8961249992251397.
[I 2025-03-21 11:35:10,635] Trial 43 finished with value: 0.8010192409157754 and parameters: {'n_units_l0': 85, 'dropout_l0': 0.362580605135973, 'n_units_l1': 61, 'dropout_l1': 0.2942189216430528, 'learning_rate': 6.223732397806498e-05}. Best is trial 34 with value: 0.8961249992251397.
[I 2025-03-21 11:35:18,396] Trial 44 finished with value: 0.8696442335844041 and parameters: {'n_units_l0': 102, 'dropout_l0': 0.42693921292106934, 'n_units_l1': 69, 'dropout_l1': 0.24260737533285265, 'learning_rate': 5.237328776228766e-05}. Best is trial 34 with value: 0.8961249992251397.
[I 2025-03-21 11:35:26,076] Trial 45 finished with value: 0.873778834939003 and parameters: {'n_units_l0': 92, 'dropout_l0': 0.34541737746783846, 'n_units_l1': 65, 'dropout_l1': 0.22139005820251734, 'learning_rate': 3.6217805442658955e-05}. Best is trial 34 with value: 0.8961249992251397.
[I 2025-03-21 11:35:32,394] Trial 46 finished with value: 0.8480480492115021 and parameters: {'n_units_l0': 89, 'dropout_l0': 0.42925764324356286, 'n_units_l1': 50, 'dropout_l1': 0.2531888018242577, 'learning_rate': 8.10569429759798e-05}. Best is trial 34 with value: 0.8961249992251397.
[I 2025-03-21 11:35:39,301] Trial 47 finished with value: 0.8672980695962906 and parameters: {'n_units_l0': 86, 'dropout_l0': 0.29519145780333356, 'n_units_l1': 59, 'dropout_l1': 0.338388316144524, 'learning_rate': 4.3513662300844974e-05}. Best is trial 34 with value: 0.8961249992251397.
[I 2025-03-21 11:35:44,835] Trial 48 finished with value: 0.8413269087672235 and parameters: {'n_units_l0': 80, 'dropout_l0': 0.49127342856730494, 'n_units_l1': 54, 'dropout_l1': 0.21149909087415383, 'learning_rate': 5.054920191215094e-05}. Best is trial 34 with value: 0.8961249992251397.
[I 2025-03-21 11:35:57,151] Trial 49 finished with value: 0.8753461450338365 and parameters: {'n_units_l0': 95, 'dropout_l0': 0.4705465509129133, 'n_units_l1': 77, 'dropout_l1': 0.31992450379974896, 'learning_rate': 2.5972548957810065e-05}. Best is trial 34 with value: 0.8961249992251397.
[I 2025-03-21 11:36:02,685] Trial 50 finished with value: 0.8698845893144609 and parameters: {'n_units_l0': 89, 'dropout_l0': 0.22552982671858335, 'n_units_l1': 49, 'dropout_l1': 0.46674524346057056, 'learning_rate': 3.0908373241587955e-05}. Best is trial 34 with value: 0.8961249992251397.
[I 2025-03-21 11:36:11,002] Trial 51 finished with value: 0.8594807654619216 and parameters: {'n_units_l0': 94, 'dropout_l0': 0.37239533956755433, 'n_units_l1': 80, 'dropout_l1': 0.2844309253854541, 'learning_rate': 4.683489570185636e-05}. Best is trial 34 with value: 0.8961249992251397.
[I 2025-03-21 11:36:20,783] Trial 52 finished with value: 0.8696250051259995 and parameters: {'n_units_l0': 97, 'dropout_l0': 0.36198463563648786, 'n_units_l1': 73, 'dropout_l1': 0.3077121596907693, 'learning_rate': 3.789056956001367e-05}. Best is trial 34 with value: 0.8961249992251397.
[I 2025-03-21 11:36:30,157] Trial 53 finished with value: 0.8870384663343431 and parameters: {'n_units_l0': 91, 'dropout_l0': 0.3890141373689178, 'n_units_l1': 78, 'dropout_l1': 0.2717220911640763, 'learning_rate': 3.3988910571113764e-05}. Best is trial 34 with value: 0.8961249992251397.
[I 2025-03-21 11:36:35,442] Trial 54 finished with value: 0.8662500083446503 and parameters: {'n_units_l0': 93, 'dropout_l0': 0.2633286285101669, 'n_units_l1': 75, 'dropout_l1': 0.23475302827514938, 'learning_rate': 6.063190536853439e-05}. Best is trial 34 with value: 0.8961249992251397.
[I 2025-03-21 11:36:42,747] Trial 55 finished with value: 0.8675384655594827 and parameters: {'n_units_l0': 90, 'dropout_l0': 0.3353496033350205, 'n_units_l1': 67, 'dropout_l1': 0.24673794865802934, 'learning_rate': 5.3813329583252753e-05}. Best is trial 34 with value: 0.8961249992251397.
[I 2025-03-21 11:36:48,504] Trial 56 pruned. Trial was pruned at epoch 11.
[I 2025-03-21 11:36:56,596] Trial 57 finished with value: 0.875336541235447 and parameters: {'n_units_l0': 87, 'dropout_l0': 0.3140792331684614, 'n_units_l1': 80, 'dropout_l1': 0.288481475643748, 'learning_rate': 4.842444115839313e-05}. Best is trial 34 with value: 0.8961249992251397.
[I 2025-03-21 11:37:02,988] Trial 58 finished with value: 0.8537884384393692 and parameters: {'n_units_l0': 94, 'dropout_l0': 0.41586776094294275, 'n_units_l1': 63, 'dropout_l1': 0.3724323632757062, 'learning_rate': 6.492234059946119e-05}. Best is trial 34 with value: 0.8961249992251397.
[I 2025-03-21 11:37:20,442] Trial 59 finished with value: 0.8750672921538354 and parameters: {'n_units_l0': 92, 'dropout_l0': 0.24672232350676057, 'n_units_l1': 57, 'dropout_l1': 0.22842501820096794, 'learning_rate': 1.84228861215572e-05}. Best is trial 34 with value: 0.8961249992251397.
[I 2025-03-21 11:37:30,188] Trial 60 finished with value: 0.8641730532050134 and parameters: {'n_units_l0': 100, 'dropout_l0': 0.3567586308422161, 'n_units_l1': 46, 'dropout_l1': 0.20696470181407808, 'learning_rate': 2.273620921775394e-05}. Best is trial 34 with value: 0.8961249992251397.
[I 2025-03-21 11:37:42,533] Trial 61 finished with value: 0.8805384725332261 and parameters: {'n_units_l0': 90, 'dropout_l0': 0.3952848942232454, 'n_units_l1': 53, 'dropout_l1': 0.3138715433654325, 'learning_rate': 3.875213539120562e-05}. Best is trial 34 with value: 0.8961249992251397.
[I 2025-03-21 11:37:55,815] Trial 62 finished with value: 0.8724999815225603 and parameters: {'n_units_l0': 92, 'dropout_l0': 0.2786530712519191, 'n_units_l1': 49, 'dropout_l1': 0.34757243543300187, 'learning_rate': 4.581907062444046e-05}. Best is trial 34 with value: 0.8961249992251397.
[I 2025-03-21 11:38:08,648] Trial 63 pruned. Trial was pruned at epoch 28.
[I 2025-03-21 11:38:18,123] Trial 64 finished with value: 0.8732692301273346 and parameters: {'n_units_l0': 88, 'dropout_l0': 0.3436514328956204, 'n_units_l1': 50, 'dropout_l1': 0.3007049480660398, 'learning_rate': 4.220274227671961e-05}. Best is trial 34 with value: 0.8961249992251397.
[I 2025-03-21 11:38:28,990] Trial 65 finished with value: 0.8849422827363014 and parameters: {'n_units_l0': 97, 'dropout_l0': 0.30117645129050225, 'n_units_l1': 58, 'dropout_l1': 0.327114558259422, 'learning_rate': 1.5568003602178137e-05}. Best is trial 34 with value: 0.8961249992251397.
[I 2025-03-21 11:38:38,101] Trial 66 finished with value: 0.8805480569601061 and parameters: {'n_units_l0': 94, 'dropout_l0': 0.3221602897056535, 'n_units_l1': 51, 'dropout_l1': 0.27120996130648306, 'learning_rate': 3.5812095266648705e-05}. Best is trial 34 with value: 0.8961249992251397.
[I 2025-03-21 11:38:50,364] Trial 67 finished with value: 0.879749995470047 and parameters: {'n_units_l0': 89, 'dropout_l0': 0.35381646201627914, 'n_units_l1': 55, 'dropout_l1': 0.28368366911282905, 'learning_rate': 5.54120698169921e-05}. Best is trial 34 with value: 0.8961249992251397.
[I 2025-03-21 11:38:57,176] Trial 68 finished with value: 0.8665095925331117 and parameters: {'n_units_l0': 91, 'dropout_l0': 0.3822043035604705, 'n_units_l1': 78, 'dropout_l1': 0.20094933711392865, 'learning_rate': 4.367221957515616e-05}. Best is trial 34 with value: 0.8961249992251397.
[I 2025-03-21 11:39:04,371] Trial 69 pruned. Trial was pruned at epoch 16.
[I 2025-03-21 11:39:14,804] Trial 70 finished with value: 0.8937884598970414 and parameters: {'n_units_l0': 83, 'dropout_l0': 0.33531949424900886, 'n_units_l1': 73, 'dropout_l1': 0.2370955853024761, 'learning_rate': 3.356321952806826e-05}. Best is trial 34 with value: 0.8961249992251397.
[I 2025-03-21 11:39:22,404] Trial 71 finished with value: 0.8724807530641556 and parameters: {'n_units_l0': 82, 'dropout_l0': 0.3336059796960149, 'n_units_l1': 73, 'dropout_l1': 0.2374898694055541, 'learning_rate': 3.278031307297994e-05}. Best is trial 34 with value: 0.8961249992251397.
[I 2025-03-21 11:39:28,930] Trial 72 finished with value: 0.8677980899810791 and parameters: {'n_units_l0': 86, 'dropout_l0': 0.3453206058457118, 'n_units_l1': 70, 'dropout_l1': 0.22291827715842735, 'learning_rate': 4.1942901846156496e-05}. Best is trial 34 with value: 0.8961249992251397.
[I 2025-03-21 11:39:37,194] Trial 73 finished with value: 0.8802788481116295 and parameters: {'n_units_l0': 83, 'dropout_l0': 0.3263778217027886, 'n_units_l1': 75, 'dropout_l1': 0.2116483620536752, 'learning_rate': 3.737458846966485e-05}. Best is trial 34 with value: 0.8961249992251397.
[I 2025-03-21 11:39:45,694] Trial 74 finished with value: 0.8659807592630386 and parameters: {'n_units_l0': 88, 'dropout_l0': 0.3139281870404627, 'n_units_l1': 43, 'dropout_l1': 0.2278540741736944, 'learning_rate': 5.0394088081971654e-05}. Best is trial 34 with value: 0.8961249992251397.
[I 2025-03-21 11:39:53,492] Trial 75 finished with value: 0.870153857767582 and parameters: {'n_units_l0': 84, 'dropout_l0': 0.3687888454701724, 'n_units_l1': 66, 'dropout_l1': 0.24716924649074823, 'learning_rate': 2.985252209373187e-05}. Best is trial 34 with value: 0.8961249992251397.
[I 2025-03-21 11:40:05,035] Trial 76 finished with value: 0.8914519205689431 and parameters: {'n_units_l0': 90, 'dropout_l0': 0.29396751268878146, 'n_units_l1': 72, 'dropout_l1': 0.2941759873935031, 'learning_rate': 1.343127827132977e-05}. Best is trial 34 with value: 0.8961249992251397.
[I 2025-03-21 11:40:20,166] Trial 77 finished with value: 0.8716922953724862 and parameters: {'n_units_l0': 90, 'dropout_l0': 0.26335970080700927, 'n_units_l1': 72, 'dropout_l1': 0.29003808654649427, 'learning_rate': 1.288652065911163e-05}. Best is trial 34 with value: 0.8961249992251397.
[I 2025-03-21 11:40:24,084] Trial 78 pruned. Trial was pruned at epoch 16.
[I 2025-03-21 11:40:34,464] Trial 79 finished with value: 0.855057667195797 and parameters: {'n_units_l0': 92, 'dropout_l0': 0.2884256784377619, 'n_units_l1': 76, 'dropout_l1': 0.21269031353583484, 'learning_rate': 2.050759810742416e-05}. Best is trial 34 with value: 0.8961249992251397.
[I 2025-03-21 11:40:41,420] Trial 80 pruned. Trial was pruned at epoch 16.
