[I 2025-03-21 11:40:50,550] Trial 81 finished with value: 0.8756057694554329 and parameters: {'n_units_l0': 93, 'dropout_l0': 0.25097218961506745, 'n_units_l1': 69, 'dropout_l1': 0.3284831809856687, 'learning_rate': 4.556696422024503e-05}. Best is trial 34 with value: 0.8961249992251397.
[I 2025-03-21 11:40:58,300] Trial 82 pruned. Trial was pruned at epoch 28.
[I 2025-03-21 11:41:08,240] Trial 83 finished with value: 0.8779326647520065 and parameters: {'n_units_l0': 89, 'dropout_l0': 0.2727630100380534, 'n_units_l1': 74, 'dropout_l1': 0.32017836483753365, 'learning_rate': 4.032999686951245e-05}. Best is trial 34 with value: 0.8961249992251397.
[I 2025-03-21 11:41:19,626] Trial 84 finished with value: 0.8743076875805855 and parameters: {'n_units_l0': 88, 'dropout_l0': 0.3577351425661862, 'n_units_l1': 72, 'dropout_l1': 0.31198285195657316, 'learning_rate': 1.7509118741205244e-05}. Best is trial 34 with value: 0.8961249992251397.
[I 2025-03-21 11:41:24,304] Trial 85 finished with value: 0.8753557696938516 and parameters: {'n_units_l0': 86, 'dropout_l0': 0.37832672873903656, 'n_units_l1': 65, 'dropout_l1': 0.264235262498012, 'learning_rate': 4.8014761163761e-05}. Best is trial 34 with value: 0.8961249992251397.
[I 2025-03-21 11:41:33,020] Trial 86 finished with value: 0.8724903970956803 and parameters: {'n_units_l0': 79, 'dropout_l0': 0.2950308353011575, 'n_units_l1': 67, 'dropout_l1': 0.2835514372487441, 'learning_rate': 5.182898265380002e-05}. Best is trial 34 with value: 0.8961249992251397.
[I 2025-03-21 11:41:39,523] Trial 87 finished with value: 0.79660574644804 and parameters: {'n_units_l0': 112, 'dropout_l0': 0.28119677055940634, 'n_units_l1': 54, 'dropout_l1': 0.27660671707058976, 'learning_rate': 5.656979211427278e-05}. Best is trial 34 with value: 0.8961249992251397.
[I 2025-03-21 11:41:51,819] Trial 88 finished with value: 0.8901442542672158 and parameters: {'n_units_l0': 94, 'dropout_l0': 0.34006838599084843, 'n_units_l1': 70, 'dropout_l1': 0.20658484786608383, 'learning_rate': 2.6980733741569333e-05}. Best is trial 34 with value: 0.8961249992251397.
[I 2025-03-21 11:42:02,946] Trial 89 finished with value: 0.8839038252830507 and parameters: {'n_units_l0': 94, 'dropout_l0': 0.30691196127756576, 'n_units_l1': 70, 'dropout_l1': 0.20624607352720403, 'learning_rate': 2.7146682910509538e-05}. Best is trial 34 with value: 0.8961249992251397.
[I 2025-03-21 11:42:14,529] Trial 90 finished with value: 0.8813173055648804 and parameters: {'n_units_l0': 96, 'dropout_l0': 0.3416762776861761, 'n_units_l1': 74, 'dropout_l1': 0.21764339656487489, 'learning_rate': 2.5521459316115448e-05}. Best is trial 34 with value: 0.8961249992251397.
[I 2025-03-21 11:42:23,121] Trial 91 finished with value: 0.882625012099743 and parameters: {'n_units_l0': 90, 'dropout_l0': 0.33141277553909976, 'n_units_l1': 68, 'dropout_l1': 0.23022848804107685, 'learning_rate': 3.880390244308592e-05}. Best is trial 34 with value: 0.8961249992251397.
[I 2025-03-21 11:42:33,130] Trial 92 finished with value: 0.8880576953291894 and parameters: {'n_units_l0': 92, 'dropout_l0': 0.37225329786328215, 'n_units_l1': 63, 'dropout_l1': 0.20097912386454275, 'learning_rate': 2.387972852079618e-05}. Best is trial 34 with value: 0.8961249992251397.
[I 2025-03-21 11:42:45,231] Trial 93 finished with value: 0.8917019203305245 and parameters: {'n_units_l0': 92, 'dropout_l0': 0.3743454492284785, 'n_units_l1': 61, 'dropout_l1': 0.20659416764694255, 'learning_rate': 2.8901589624526057e-05}. Best is trial 34 with value: 0.8961249992251397.
[I 2025-03-21 11:42:52,608] Trial 94 pruned. Trial was pruned at epoch 16.
[I 2025-03-21 11:42:55,312] Trial 95 pruned. Trial was pruned at epoch 10.
[I 2025-03-21 11:43:07,378] Trial 96 finished with value: 0.8846923023462296 and parameters: {'n_units_l0': 93, 'dropout_l0': 0.39507913260988675, 'n_units_l1': 62, 'dropout_l1': 0.21694800661121835, 'learning_rate': 2.850481622356259e-05}. Best is trial 34 with value: 0.8961249992251397.
[I 2025-03-21 11:43:15,822] Trial 97 finished with value: 0.844951905310154 and parameters: {'n_units_l0': 98, 'dropout_l0': 0.4110301136845387, 'n_units_l1': 60, 'dropout_l1': 0.22711576310654066, 'learning_rate': 2.4385032493108144e-05}. Best is trial 34 with value: 0.8961249992251397.
[I 2025-03-21 11:43:23,409] Trial 98 finished with value: 0.8769038513302803 and parameters: {'n_units_l0': 95, 'dropout_l0': 0.3191986250731232, 'n_units_l1': 65, 'dropout_l1': 0.2087059873221171, 'learning_rate': 3.2930018234138684e-05}. Best is trial 34 with value: 0.8961249992251397.
[I 2025-03-21 11:43:32,904] Trial 99 finished with value: 0.8766442269086838 and parameters: {'n_units_l0': 91, 'dropout_l0': 0.25713018253552905, 'n_units_l1': 66, 'dropout_l1': 0.21914053875318756, 'learning_rate': 3.091984116319223e-05}. Best is trial 34 with value: 0.8961249992251397.