[I 2025-03-20 17:36:23,349] Trial 116 finished with value: 0.8999999761581421 and parameters: {'dropout_l0': 0.24043581086900928, 'dropout_l1': 0.4225951654779228, 'dropout_l2': 0.22862900268082348, 'learning_rate': 1.9925836916317413e-05}. Best is trial 7 with value: 0.9599999785423279.
[I 2025-03-20 17:36:33,866] Trial 117 finished with value: 0.8999999761581421 and parameters: {'dropout_l0': 0.21918498747092005, 'dropout_l1': 0.4794016447280325, 'dropout_l2': 0.3852066492732828, 'learning_rate': 3.285523468657223e-05}. Best is trial 7 with value: 0.9599999785423279.
[I 2025-03-20 17:36:38,909] Trial 118 pruned. Trial was pruned at epoch 10.
[I 2025-03-20 17:36:49,871] Trial 119 finished with value: 0.8999999761581421 and parameters: {'dropout_l0': 0.341741449064719, 'dropout_l1': 0.4256678139541455, 'dropout_l2': 0.3178363307457729, 'learning_rate': 2.9871603251187504e-05}. Best is trial 7 with value: 0.9599999785423279.
[I 2025-03-20 17:37:00,141] Trial 120 finished with value: 0.8999999761581421 and parameters: {'dropout_l0': 0.229461970372986, 'dropout_l1': 0.3957684683537229, 'dropout_l2': 0.3565107409614866, 'learning_rate': 4.394578963950701e-05}. Best is trial 7 with value: 0.9599999785423279.
[I 2025-03-20 17:37:10,108] Trial 121 finished with value: 0.8399999737739563 and parameters: {'dropout_l0': 0.32729318305969296, 'dropout_l1': 0.2167477731832296, 'dropout_l2': 0.37451449151546745, 'learning_rate': 5.436928239254294e-05}. Best is trial 7 with value: 0.9599999785423279.
[I 2025-03-20 17:37:19,959] Trial 122 finished with value: 0.8799999952316284 and parameters: {'dropout_l0': 0.20803202100275642, 'dropout_l1': 0.2078423783517773, 'dropout_l2': 0.41528675761568695, 'learning_rate': 3.8811469103991984e-05}. Best is trial 7 with value: 0.9599999785423279.
[I 2025-03-20 17:37:29,927] Trial 123 finished with value: 0.8600000143051147 and parameters: {'dropout_l0': 0.27354295565340925, 'dropout_l1': 0.23697155889136223, 'dropout_l2': 0.3952338046160928, 'learning_rate': 7.770752985491353e-05}. Best is trial 7 with value: 0.9599999785423279.
[I 2025-03-20 17:37:40,582] Trial 124 finished with value: 0.8799999952316284 and parameters: {'dropout_l0': 0.29185514964140874, 'dropout_l1': 0.2277592508143896, 'dropout_l2': 0.3414566931223478, 'learning_rate': 3.480015268099574e-05}. Best is trial 7 with value: 0.9599999785423279.